{"meta": {"format": 3, "version": "7.14.0", "timestamp": "2026-06-07T08:13:20.466543", "branch_coverage": false, "show_contexts": false}, "files": {"nerves\\workers\\trading\\alert_manager.py": {"executed_lines": [1, 2, 3, 5, 7, 10, 11, 14, 15, 16, 17, 20, 21, 24, 26, 27, 28, 29, 30, 31, 34, 36, 37, 38, 39, 40, 41, 42, 43, 46, 48, 49, 50, 54, 55, 56, 59, 61, 63, 64, 65, 69, 70, 71, 74, 76, 78, 79, 80, 81, 82, 83, 84, 85, 86, 89, 94, 100, 101, 103, 104, 105, 108, 115, 116, 119, 122, 123, 129, 131, 133, 135, 138, 139], "summary": {"covered_lines": 74, "num_statements": 74, "percent_covered": 100.0, "percent_covered_display": "100", "missing_lines": 0, "excluded_lines": 0, "percent_statements_covered": 100.0, "percent_statements_covered_display": "100"}, "missing_lines": [], "excluded_lines": [], "functions": {"log_test_run": {"executed_lines": [26, 27, 28, 29, 30, 31], "summary": {"covered_lines": 6, "num_statements": 6, "percent_covered": 100.0, "percent_covered_display": "100", "missing_lines": 0, "excluded_lines": 0, "percent_statements_covered": 100.0, "percent_statements_covered_display": "100"}, "missing_lines": [], "excluded_lines": [], "start_line": 24}, "get_setting_sync": {"executed_lines": [36, 37, 38, 39, 40, 41, 42, 43], "summary": {"covered_lines": 8, "num_statements": 8, "percent_covered": 100.0, "percent_covered_display": "100", "missing_lines": 0, "excluded_lines": 0, "percent_statements_covered": 100.0, "percent_statements_covered_display": "100"}, "missing_lines": [], "excluded_lines": [], "start_line": 34}, "set_setting_sync": {"executed_lines": [48, 49, 50, 54, 55, 56], "summary": {"covered_lines": 6, "num_statements": 6, "percent_covered": 100.0, "percent_covered_display": "100", "missing_lines": 0, "excluded_lines": 0, "percent_statements_covered": 100.0, "percent_statements_covered_display": "100"}, "missing_lines": [], "excluded_lines": [], "start_line": 46}, "set_setting_async": {"executed_lines": [61, 63, 64, 65, 69, 70, 71], "summary": {"covered_lines": 7, "num_statements": 7, "percent_covered": 100.0, "percent_covered_display": "100", "missing_lines": 0, "excluded_lines": 0, "percent_statements_covered": 100.0, "percent_statements_covered_display": "100"}, "missing_lines": [], "excluded_lines": [], "start_line": 59}, "get_setting_async": {"executed_lines": [76, 78, 79, 80, 81, 82, 83, 84, 85, 86], "summary": {"covered_lines": 10, "num_statements": 10, "percent_covered": 100.0, "percent_covered_display": "100", "missing_lines": 0, "excluded_lines": 0, "percent_statements_covered": 100.0, "percent_statements_covered_display": "100"}, "missing_lines": [], "excluded_lines": [], "start_line": 74}, "handle_test_failure_alert": {"executed_lines": [94, 100, 101, 103, 104, 105], "summary": {"covered_lines": 6, "num_statements": 6, "percent_covered": 100.0, "percent_covered_display": "100", "missing_lines": 0, "excluded_lines": 0, "percent_statements_covered": 100.0, "percent_statements_covered_display": "100"}, "missing_lines": [], "excluded_lines": [], "start_line": 89}, "handle_health_check_transition": {"executed_lines": [115, 116, 119, 122, 123, 129, 131, 133, 135, 138, 139], "summary": {"covered_lines": 11, "num_statements": 11, "percent_covered": 100.0, "percent_covered_display": "100", "missing_lines": 0, "excluded_lines": 0, "percent_statements_covered": 100.0, "percent_statements_covered_display": "100"}, "missing_lines": [], "excluded_lines": [], "start_line": 108}, "": {"executed_lines": [1, 2, 3, 5, 7, 10, 11, 14, 15, 16, 17, 20, 21, 24, 34, 46, 59, 74, 89, 108], "summary": {"covered_lines": 20, "num_statements": 20, "percent_covered": 100.0, "percent_covered_display": "100", "missing_lines": 0, "excluded_lines": 0, "percent_statements_covered": 100.0, "percent_statements_covered_display": "100"}, "missing_lines": [], "excluded_lines": [], "start_line": 1}}, "classes": {"": {"executed_lines": [1, 2, 3, 5, 7, 10, 11, 14, 15, 16, 17, 20, 21, 24, 26, 27, 28, 29, 30, 31, 34, 36, 37, 38, 39, 40, 41, 42, 43, 46, 48, 49, 50, 54, 55, 56, 59, 61, 63, 64, 65, 69, 70, 71, 74, 76, 78, 79, 80, 81, 82, 83, 84, 85, 86, 89, 94, 100, 101, 103, 104, 105, 108, 115, 116, 119, 122, 123, 129, 131, 133, 135, 138, 139], "summary": {"covered_lines": 74, "num_statements": 74, "percent_covered": 100.0, "percent_covered_display": "100", "missing_lines": 0, "excluded_lines": 0, "percent_statements_covered": 100.0, "percent_statements_covered_display": "100"}, "missing_lines": [], "excluded_lines": [], "start_line": 1}}}, "nerves\\workers\\trading\\analysis.py": {"executed_lines": [6, 7, 8, 9, 10, 12, 14, 17, 18, 19, 20, 21, 22, 23, 26, 27, 28, 29, 30, 31, 32, 33, 36, 37, 38, 39, 40, 41, 42, 43, 44, 45, 46, 49, 50, 51, 52, 53, 54, 55, 56, 57, 60, 83, 86, 87, 89, 92, 93, 95, 98, 99, 101, 104, 105, 107, 110, 111, 116, 117, 122, 123, 128, 129, 134, 137, 138, 139, 140, 147, 148, 149, 151, 154, 157, 158, 163, 173, 176, 177, 178, 183, 192, 209, 210, 211, 213, 214, 215, 216, 218, 221, 223, 224, 228, 232, 234, 237, 239, 249, 251, 253, 256, 258, 259, 262, 265, 266, 267, 268, 275, 276, 283, 284, 285, 286, 287, 298, 299, 302, 309, 310, 312, 313, 314, 315, 316, 317, 318, 320, 321, 322, 323, 324, 326, 327, 331, 332, 335, 337, 338, 340, 341, 343, 344, 348, 349, 351, 352, 355, 356, 357, 364, 365, 369, 370, 372, 382, 392, 406, 407, 408, 411, 412, 421, 422, 423, 424, 425, 426, 429, 442, 443, 447, 450, 451, 458, 459, 460, 461, 462, 463, 464, 472, 473, 475, 476, 477, 478, 479, 480, 481, 482, 483, 484, 487, 489, 490, 491, 493, 495, 496, 498, 499, 500, 501, 502, 513, 514, 518, 519, 520, 521, 523, 529, 532, 533, 534, 537, 538, 539, 540, 541, 551, 552, 555, 556, 557, 558, 559, 560, 570, 571, 583, 584, 585, 586, 596, 600, 607, 611, 617, 627, 646, 647, 648, 649, 650, 653, 654, 659, 660, 661, 664, 665, 671, 672, 675, 676, 677, 678, 679, 680, 682, 683, 684, 685, 688, 689, 692, 693, 694, 695, 697, 698, 700, 702, 707, 708, 709, 710, 712, 714, 725, 735, 748, 757, 758, 761, 783, 790, 791, 793, 795, 796, 798, 807, 808, 816, 822, 825, 845, 846, 848, 849, 850, 851, 852, 854, 855, 857, 858, 859, 861, 869, 874, 880, 881, 887, 898, 907, 908, 912, 913, 914, 915, 917, 918, 920, 921, 923, 924, 926, 928, 929, 930, 931, 938, 939, 940, 943, 953, 955, 959, 960, 961, 962, 973, 974, 978, 987, 988, 989, 997, 998, 1000], "summary": {"covered_lines": 356, "num_statements": 428, "percent_covered": 83.17757009345794, "percent_covered_display": "83", "missing_lines": 72, "excluded_lines": 0, "percent_statements_covered": 83.17757009345794, "percent_statements_covered_display": "83"}, "missing_lines": [113, 119, 125, 131, 141, 142, 144, 150, 152, 164, 169, 171, 229, 233, 235, 252, 277, 278, 281, 444, 503, 504, 505, 506, 508, 509, 510, 511, 512, 524, 527, 528, 554, 574, 575, 578, 579, 580, 598, 601, 604, 605, 628, 701, 703, 764, 765, 768, 817, 818, 819, 826, 827, 830, 843, 882, 883, 885, 909, 910, 932, 933, 936, 946, 947, 950, 951, 991, 992, 993, 994, 995], "excluded_lines": [], "functions": {"score_trend_template": {"executed_lines": [83, 86, 87, 89, 92, 93, 95, 98, 99, 101, 104, 105, 107, 110, 111, 116, 117, 122, 123, 128, 129, 134, 137, 138, 139, 140, 147, 148, 149, 151, 154, 157, 158, 163, 173, 176, 177, 178, 183], "summary": {"covered_lines": 39, "num_statements": 51, "percent_covered": 76.47058823529412, "percent_covered_display": "76", "missing_lines": 12, "excluded_lines": 0, "percent_statements_covered": 76.47058823529412, "percent_statements_covered_display": "76"}, "missing_lines": [113, 119, 125, 131, 141, 142, 144, 150, 152, 164, 169, 171], "excluded_lines": [], "start_line": 60}, "detect_vcp": {"executed_lines": [209, 210, 211, 213, 214, 215, 216, 218, 221, 223, 224, 228, 232, 234, 237, 239], "summary": {"covered_lines": 16, "num_statements": 19, "percent_covered": 84.21052631578948, "percent_covered_display": "84", "missing_lines": 3, "excluded_lines": 0, "percent_statements_covered": 84.21052631578948, "percent_statements_covered_display": "84"}, "missing_lines": [229, 233, 235], "excluded_lines": [], "start_line": 192}, "_run_rest_scan_for_symbols": {"executed_lines": [251, 253, 256, 258, 259, 262, 265, 266, 267, 268, 275, 276, 283, 284, 285, 286, 287, 298, 299], "summary": {"covered_lines": 19, "num_statements": 23, "percent_covered": 82.6086956521739, "percent_covered_display": "83", "missing_lines": 4, "excluded_lines": 0, "percent_statements_covered": 82.6086956521739, "percent_statements_covered_display": "83"}, "missing_lines": [252, 277, 278, 281], "excluded_lines": [], "start_line": 249}, "scan_symbols": {"executed_lines": [309, 310, 312, 313, 314, 315, 316, 317, 318, 320, 321, 322, 323, 324, 326, 327, 331, 332, 335, 337, 338, 340, 341, 343, 344, 348, 349, 351, 352, 355, 356, 357, 364, 365, 369, 370, 372, 382, 392, 406, 407, 408, 411, 412], "summary": {"covered_lines": 44, "num_statements": 44, "percent_covered": 100.0, "percent_covered_display": "100", "missing_lines": 0, "excluded_lines": 0, "percent_statements_covered": 100.0, "percent_statements_covered_display": "100"}, "missing_lines": [], "excluded_lines": [], "start_line": 302}, "fetch_candles_with_retry": {"executed_lines": [442, 443, 447, 450, 451, 458, 459, 460, 461, 462, 463, 464, 472, 473, 475, 476, 477, 478, 479, 480, 481, 482, 483, 484, 487, 489, 490, 491, 493, 495, 496, 498, 499, 500, 501, 502, 513, 514, 518, 519, 520, 521, 523, 529, 532, 533, 534, 537, 538, 539, 540, 541, 551, 552, 555, 556, 557, 558, 559, 560, 570, 571, 583, 584, 585, 586, 596, 600, 607, 611], "summary": {"covered_lines": 70, "num_statements": 93, "percent_covered": 75.26881720430107, "percent_covered_display": "75", "missing_lines": 23, "excluded_lines": 0, "percent_statements_covered": 75.26881720430107, "percent_statements_covered_display": "75"}, "missing_lines": [444, 503, 504, 505, 506, 508, 509, 510, 511, 512, 524, 527, 528, 554, 574, 575, 578, 579, 580, 598, 601, 604, 605], "excluded_lines": [], "start_line": 429}, "_calculate_scan_result": {"executed_lines": [627, 646, 647, 648, 649, 650, 653, 654, 659, 660, 661, 664, 665, 671, 672, 675, 676, 677, 678, 679, 680, 682, 683, 684, 685, 688, 689, 692, 693, 694, 695, 697, 698, 700, 702, 707, 708, 709, 710, 712, 714, 725, 735], "summary": {"covered_lines": 43, "num_statements": 46, "percent_covered": 93.47826086956522, "percent_covered_display": "93", "missing_lines": 3, "excluded_lines": 0, "percent_statements_covered": 93.47826086956522, "percent_statements_covered_display": "93"}, "missing_lines": [628, 701, 703], "excluded_lines": [], "start_line": 617}, "scan_single_symbol_rest": {"executed_lines": [757, 758, 761], "summary": {"covered_lines": 3, "num_statements": 6, "percent_covered": 50.0, "percent_covered_display": "50", "missing_lines": 3, "excluded_lines": 0, "percent_statements_covered": 50.0, "percent_statements_covered_display": "50"}, "missing_lines": [764, 765, 768], "excluded_lines": [], "start_line": 748}, "scan_symbol_multi_timeframe": {"executed_lines": [790, 791, 793, 795, 845, 846, 848, 849, 850, 851, 852, 854, 855, 857, 858, 859, 861, 869, 874, 880, 881, 887], "summary": {"covered_lines": 22, "num_statements": 25, "percent_covered": 88.0, "percent_covered_display": "88", "missing_lines": 3, "excluded_lines": 0, "percent_statements_covered": 88.0, "percent_statements_covered_display": "88"}, "missing_lines": [882, 883, 885], "excluded_lines": [], "start_line": 783}, "scan_symbol_multi_timeframe.fetch_tf": {"executed_lines": [796, 798, 807, 808, 816, 822, 825], "summary": {"covered_lines": 7, "num_statements": 14, "percent_covered": 50.0, "percent_covered_display": "50", "missing_lines": 7, "excluded_lines": 0, "percent_statements_covered": 50.0, "percent_statements_covered_display": "50"}, "missing_lines": [817, 818, 819, 826, 827, 830, 843], "excluded_lines": [], "start_line": 795}, "scan_all_configured_exchanges": {"executed_lines": [907, 908, 912, 913, 914, 915, 917, 918, 920, 921, 923, 924, 926, 928, 955, 959, 960, 961, 962, 973, 974, 978, 987, 988, 989, 997, 998, 1000], "summary": {"covered_lines": 28, "num_statements": 35, "percent_covered": 80.0, "percent_covered_display": "80", "missing_lines": 7, "excluded_lines": 0, "percent_statements_covered": 80.0, "percent_statements_covered_display": "80"}, "missing_lines": [909, 910, 991, 992, 993, 994, 995], "excluded_lines": [], "start_line": 898}, "scan_all_configured_exchanges.fetch_exchange_metadata": {"executed_lines": [929, 930, 931, 938, 939, 940, 943, 953], "summary": {"covered_lines": 8, "num_statements": 15, "percent_covered": 53.333333333333336, "percent_covered_display": "53", "missing_lines": 7, "excluded_lines": 0, "percent_statements_covered": 53.333333333333336, "percent_statements_covered_display": "53"}, "missing_lines": [932, 933, 936, 946, 947, 950, 951], "excluded_lines": [], "start_line": 928}, "": {"executed_lines": [6, 7, 8, 9, 10, 12, 14, 17, 18, 19, 20, 21, 22, 23, 26, 27, 28, 29, 30, 31, 32, 33, 36, 37, 38, 39, 40, 41, 42, 43, 44, 45, 46, 49, 50, 51, 52, 53, 54, 55, 56, 57, 60, 192, 249, 302, 421, 422, 423, 424, 425, 426, 429, 617, 748, 783, 898], "summary": {"covered_lines": 57, "num_statements": 57, "percent_covered": 100.0, "percent_covered_display": "100", "missing_lines": 0, "excluded_lines": 0, "percent_statements_covered": 100.0, "percent_statements_covered_display": "100"}, "missing_lines": [], "excluded_lines": [], "start_line": 1}}, "classes": {"TrendTemplateResult": {"executed_lines": [], "summary": {"covered_lines": 0, "num_statements": 0, "percent_covered": 100.0, "percent_covered_display": "100", "missing_lines": 0, "excluded_lines": 0, "percent_statements_covered": 100.0, "percent_statements_covered_display": "100"}, "missing_lines": [], "excluded_lines": [], "start_line": 18}, "VCPResult": {"executed_lines": [], "summary": {"covered_lines": 0, "num_statements": 0, "percent_covered": 100.0, "percent_covered_display": "100", "missing_lines": 0, "excluded_lines": 0, "percent_statements_covered": 100.0, "percent_statements_covered_display": "100"}, "missing_lines": [], "excluded_lines": [], "start_line": 27}, "ScanResult": {"executed_lines": [], "summary": {"covered_lines": 0, "num_statements": 0, "percent_covered": 100.0, "percent_covered_display": "100", "missing_lines": 0, "excluded_lines": 0, "percent_statements_covered": 100.0, "percent_statements_covered_display": "100"}, "missing_lines": [], "excluded_lines": [], "start_line": 37}, "MTFScanResult": {"executed_lines": [], "summary": {"covered_lines": 0, "num_statements": 0, "percent_covered": 100.0, "percent_covered_display": "100", "missing_lines": 0, "excluded_lines": 0, "percent_statements_covered": 100.0, "percent_statements_covered_display": "100"}, "missing_lines": [], "excluded_lines": [], "start_line": 50}, "": {"executed_lines": [6, 7, 8, 9, 10, 12, 14, 17, 18, 19, 20, 21, 22, 23, 26, 27, 28, 29, 30, 31, 32, 33, 36, 37, 38, 39, 40, 41, 42, 43, 44, 45, 46, 49, 50, 51, 52, 53, 54, 55, 56, 57, 60, 83, 86, 87, 89, 92, 93, 95, 98, 99, 101, 104, 105, 107, 110, 111, 116, 117, 122, 123, 128, 129, 134, 137, 138, 139, 140, 147, 148, 149, 151, 154, 157, 158, 163, 173, 176, 177, 178, 183, 192, 209, 210, 211, 213, 214, 215, 216, 218, 221, 223, 224, 228, 232, 234, 237, 239, 249, 251, 253, 256, 258, 259, 262, 265, 266, 267, 268, 275, 276, 283, 284, 285, 286, 287, 298, 299, 302, 309, 310, 312, 313, 314, 315, 316, 317, 318, 320, 321, 322, 323, 324, 326, 327, 331, 332, 335, 337, 338, 340, 341, 343, 344, 348, 349, 351, 352, 355, 356, 357, 364, 365, 369, 370, 372, 382, 392, 406, 407, 408, 411, 412, 421, 422, 423, 424, 425, 426, 429, 442, 443, 447, 450, 451, 458, 459, 460, 461, 462, 463, 464, 472, 473, 475, 476, 477, 478, 479, 480, 481, 482, 483, 484, 487, 489, 490, 491, 493, 495, 496, 498, 499, 500, 501, 502, 513, 514, 518, 519, 520, 521, 523, 529, 532, 533, 534, 537, 538, 539, 540, 541, 551, 552, 555, 556, 557, 558, 559, 560, 570, 571, 583, 584, 585, 586, 596, 600, 607, 611, 617, 627, 646, 647, 648, 649, 650, 653, 654, 659, 660, 661, 664, 665, 671, 672, 675, 676, 677, 678, 679, 680, 682, 683, 684, 685, 688, 689, 692, 693, 694, 695, 697, 698, 700, 702, 707, 708, 709, 710, 712, 714, 725, 735, 748, 757, 758, 761, 783, 790, 791, 793, 795, 796, 798, 807, 808, 816, 822, 825, 845, 846, 848, 849, 850, 851, 852, 854, 855, 857, 858, 859, 861, 869, 874, 880, 881, 887, 898, 907, 908, 912, 913, 914, 915, 917, 918, 920, 921, 923, 924, 926, 928, 929, 930, 931, 938, 939, 940, 943, 953, 955, 959, 960, 961, 962, 973, 974, 978, 987, 988, 989, 997, 998, 1000], "summary": {"covered_lines": 356, "num_statements": 428, "percent_covered": 83.17757009345794, "percent_covered_display": "83", "missing_lines": 72, "excluded_lines": 0, "percent_statements_covered": 83.17757009345794, "percent_statements_covered_display": "83"}, "missing_lines": [113, 119, 125, 131, 141, 142, 144, 150, 152, 164, 169, 171, 229, 233, 235, 252, 277, 278, 281, 444, 503, 504, 505, 506, 508, 509, 510, 511, 512, 524, 527, 528, 554, 574, 575, 578, 579, 580, 598, 601, 604, 605, 628, 701, 703, 764, 765, 768, 817, 818, 819, 826, 827, 830, 843, 882, 883, 885, 909, 910, 932, 933, 936, 946, 947, 950, 951, 991, 992, 993, 994, 995], "excluded_lines": [], "start_line": 1}}}, "nerves\\workers\\trading\\analyzer\\__init__.py": {"executed_lines": [], "summary": {"covered_lines": 0, "num_statements": 0, "percent_covered": 100.0, "percent_covered_display": "100", "missing_lines": 0, "excluded_lines": 0, "percent_statements_covered": 100.0, "percent_statements_covered_display": "100"}, "missing_lines": [], "excluded_lines": [], "functions": {"": {"executed_lines": [], "summary": {"covered_lines": 0, "num_statements": 0, "percent_covered": 100.0, "percent_covered_display": "100", "missing_lines": 0, "excluded_lines": 0, "percent_statements_covered": 100.0, "percent_statements_covered_display": "100"}, "missing_lines": [], "excluded_lines": [], "start_line": 1}}, "classes": {"": {"executed_lines": [], "summary": {"covered_lines": 0, "num_statements": 0, "percent_covered": 100.0, "percent_covered_display": "100", "missing_lines": 0, "excluded_lines": 0, "percent_statements_covered": 100.0, "percent_statements_covered_display": "100"}, "missing_lines": [], "excluded_lines": [], "start_line": 1}}}, "nerves\\workers\\trading\\analyzer\\ai_analyzer.py": {"executed_lines": [17, 18, 19, 20, 21, 23, 24, 25, 26, 27, 28, 30, 33, 36, 39, 42, 51, 52, 55, 57, 65, 66, 71, 74, 95, 96, 108, 112, 113, 116, 117, 118, 119, 120, 123, 124, 125, 126, 127, 130, 131, 134, 135, 136, 143, 144, 145, 154, 155, 156, 166, 167, 168, 169, 170, 171, 172, 173, 176, 177, 178, 182, 183, 184, 186, 187, 188, 194, 205, 206, 211, 212, 216, 218, 219, 221, 224, 227, 238, 239, 240, 241, 243, 246, 247, 283, 284, 285, 286, 288, 296, 297, 298, 299, 300, 307, 310, 311, 315, 321, 322, 323, 325, 326, 327, 328, 329, 330, 331, 333, 339, 342, 345, 351, 362, 363, 365, 368, 369, 370, 383, 384, 385, 386, 391, 396, 397, 398, 399, 404, 405, 406, 407, 408, 409, 410, 418, 420, 430, 434], "summary": {"covered_lines": 140, "num_statements": 190, "percent_covered": 73.6842105263158, "percent_covered_display": "74", "missing_lines": 50, "excluded_lines": 0, "percent_statements_covered": 73.6842105263158, "percent_statements_covered_display": "74"}, "missing_lines": [44, 121, 152, 153, 163, 164, 174, 175, 179, 180, 229, 230, 231, 232, 234, 235, 248, 250, 251, 252, 255, 256, 257, 260, 270, 274, 275, 276, 279, 280, 316, 317, 318, 340, 341, 343, 344, 346, 347, 354, 355, 379, 380, 412, 413, 417, 421, 425, 426, 427], "excluded_lines": [], "functions": {"set_bus": {"executed_lines": [39], "summary": {"covered_lines": 1, "num_statements": 1, "percent_covered": 100.0, "percent_covered_display": "100", "missing_lines": 0, "excluded_lines": 0, "percent_statements_covered": 100.0, "percent_statements_covered_display": "100"}, "missing_lines": [], "excluded_lines": [], "start_line": 36}, "get_bus": {"executed_lines": [], "summary": {"covered_lines": 0, "num_statements": 1, "percent_covered": 0.0, "percent_covered_display": "0", "missing_lines": 1, "excluded_lines": 0, "percent_statements_covered": 0.0, "percent_statements_covered_display": "0"}, "missing_lines": [44], "excluded_lines": [], "start_line": 42}, "reset_capture_state": {"executed_lines": [57], "summary": {"covered_lines": 1, "num_statements": 1, "percent_covered": 100.0, "percent_covered_display": "100", "missing_lines": 0, "excluded_lines": 0, "percent_statements_covered": 100.0, "percent_statements_covered_display": "100"}, "missing_lines": [], "excluded_lines": [], "start_line": 55}, "process_alert": {"executed_lines": [71, 74], "summary": {"covered_lines": 2, "num_statements": 2, "percent_covered": 100.0, "percent_covered_display": "100", "missing_lines": 0, "excluded_lines": 0, "percent_statements_covered": 100.0, "percent_statements_covered_display": "100"}, "missing_lines": [], "excluded_lines": [], "start_line": 66}, "process_validated_signal": {"executed_lines": [108, 112, 113, 116, 117, 118, 119, 120, 123, 124, 125, 126, 127, 130, 131, 134, 135, 136, 143, 144, 145, 154, 155, 156, 166, 167, 168, 169, 170, 171, 172, 173, 176, 177, 178, 182, 183, 184, 186, 187, 188, 194, 205, 206, 211, 212, 216, 218, 219, 221, 224, 227, 238, 239, 240, 241, 243, 246, 247, 283, 284, 285, 286, 288, 296, 297, 298, 299, 300, 307, 310, 311, 315, 321, 322, 323, 325, 326, 327, 328, 329, 330, 331, 333, 339, 342, 345, 351, 362, 363, 365, 368, 369, 370, 383, 384, 385, 386, 391, 396, 397, 398, 399, 404, 405, 406, 407, 408, 409, 410, 418, 420, 430, 434], "summary": {"covered_lines": 114, "num_statements": 163, "percent_covered": 69.93865030674847, "percent_covered_display": "70", "missing_lines": 49, "excluded_lines": 0, "percent_statements_covered": 69.93865030674847, "percent_statements_covered_display": "70"}, "missing_lines": [121, 152, 153, 163, 164, 174, 175, 179, 180, 229, 230, 231, 232, 234, 235, 248, 250, 251, 252, 255, 256, 257, 260, 270, 274, 275, 276, 279, 280, 316, 317, 318, 340, 341, 343, 344, 346, 347, 354, 355, 379, 380, 412, 413, 417, 421, 425, 426, 427], "excluded_lines": [], "start_line": 96}, "": {"executed_lines": [17, 18, 19, 20, 21, 23, 24, 25, 26, 27, 28, 30, 33, 36, 42, 51, 52, 55, 65, 66, 95, 96], "summary": {"covered_lines": 22, "num_statements": 22, "percent_covered": 100.0, "percent_covered_display": "100", "missing_lines": 0, "excluded_lines": 0, "percent_statements_covered": 100.0, "percent_statements_covered_display": "100"}, "missing_lines": [], "excluded_lines": [], "start_line": 1}}, "classes": {"": {"executed_lines": [17, 18, 19, 20, 21, 23, 24, 25, 26, 27, 28, 30, 33, 36, 39, 42, 51, 52, 55, 57, 65, 66, 71, 74, 95, 96, 108, 112, 113, 116, 117, 118, 119, 120, 123, 124, 125, 126, 127, 130, 131, 134, 135, 136, 143, 144, 145, 154, 155, 156, 166, 167, 168, 169, 170, 171, 172, 173, 176, 177, 178, 182, 183, 184, 186, 187, 188, 194, 205, 206, 211, 212, 216, 218, 219, 221, 224, 227, 238, 239, 240, 241, 243, 246, 247, 283, 284, 285, 286, 288, 296, 297, 298, 299, 300, 307, 310, 311, 315, 321, 322, 323, 325, 326, 327, 328, 329, 330, 331, 333, 339, 342, 345, 351, 362, 363, 365, 368, 369, 370, 383, 384, 385, 386, 391, 396, 397, 398, 399, 404, 405, 406, 407, 408, 409, 410, 418, 420, 430, 434], "summary": {"covered_lines": 140, "num_statements": 190, "percent_covered": 73.6842105263158, "percent_covered_display": "74", "missing_lines": 50, "excluded_lines": 0, "percent_statements_covered": 73.6842105263158, "percent_statements_covered_display": "74"}, "missing_lines": [44, 121, 152, 153, 163, 164, 174, 175, 179, 180, 229, 230, 231, 232, 234, 235, 248, 250, 251, 252, 255, 256, 257, 260, 270, 274, 275, 276, 279, 280, 316, 317, 318, 340, 341, 343, 344, 346, 347, 354, 355, 379, 380, 412, 413, 417, 421, 425, 426, 427], "excluded_lines": [], "start_line": 1}}}, "nerves\\workers\\trading\\analyzer\\sentiment_analyzer.py": {"executed_lines": [1, 2, 3, 4, 5, 6, 7, 8, 9, 10, 12, 13, 15, 16, 19, 22, 46, 71, 73, 74, 75, 77, 78, 79, 80, 81, 82, 83, 87, 88, 89, 91, 93, 95, 96, 103, 104, 105, 107, 108, 113, 115, 117, 118, 119, 120, 122, 124, 125, 128, 129, 131, 136, 137, 138, 139, 146, 148, 149, 150, 152, 156, 157, 158, 160, 162, 171, 173, 174, 175, 176, 177, 178, 179, 180, 181, 182, 183, 189, 190, 191, 192, 194, 195, 196, 197, 198, 202, 203, 204, 207, 209, 210, 215, 216, 217, 218, 219, 221, 223, 225, 226, 227, 228, 230, 231, 237, 238, 239, 240, 242, 246, 247, 248, 250, 253, 254, 256, 262, 263, 264, 270, 271, 278, 280, 281, 283, 284, 285, 286, 288, 290, 294, 295, 306, 308, 310, 311, 312, 313, 317, 318, 319, 320, 321, 327, 329, 330, 331, 333, 336, 338, 341, 345, 346, 347, 348, 349, 350, 352, 354, 357, 360, 361, 365, 366, 367, 369, 373, 378, 383, 394, 396, 397, 398, 401, 406, 411, 413, 421, 422, 433], "summary": {"covered_lines": 182, "num_statements": 203, "percent_covered": 89.65517241379311, "percent_covered_display": "90", "missing_lines": 21, "excluded_lines": 0, "percent_statements_covered": 89.65517241379311, "percent_statements_covered_display": "90"}, "missing_lines": [126, 163, 164, 199, 200, 211, 212, 213, 291, 307, 309, 315, 337, 339, 355, 362, 402, 403, 404, 430, 431], "excluded_lines": [], "functions": {"analyze_text_sentiment": {"executed_lines": [73, 74, 75, 77, 78, 79, 80, 81, 82, 83], "summary": {"covered_lines": 10, "num_statements": 10, "percent_covered": 100.0, "percent_covered_display": "100", "missing_lines": 0, "excluded_lines": 0, "percent_statements_covered": 100.0, "percent_statements_covered_display": "100"}, "missing_lines": [], "excluded_lines": [], "start_line": 71}, "TwitterClient.__init__": {"executed_lines": [89], "summary": {"covered_lines": 1, "num_statements": 1, "percent_covered": 100.0, "percent_covered_display": "100", "missing_lines": 0, "excluded_lines": 0, "percent_statements_covered": 100.0, "percent_statements_covered_display": "100"}, "missing_lines": [], "excluded_lines": [], "start_line": 88}, "TwitterClient.get_sentiment": {"executed_lines": [93, 95, 96, 103, 104, 105, 107, 108, 113, 115, 117, 122, 124, 125, 128, 129, 131, 136, 137, 138, 139], "summary": {"covered_lines": 21, "num_statements": 22, "percent_covered": 95.45454545454545, "percent_covered_display": "95", "missing_lines": 1, "excluded_lines": 0, "percent_statements_covered": 95.45454545454545, "percent_statements_covered_display": "95"}, "missing_lines": [126], "excluded_lines": [], "start_line": 91}, "TwitterClient.get_sentiment.make_request": {"executed_lines": [118, 119, 120], "summary": {"covered_lines": 3, "num_statements": 3, "percent_covered": 100.0, "percent_covered_display": "100", "missing_lines": 0, "excluded_lines": 0, "percent_statements_covered": 100.0, "percent_statements_covered_display": "100"}, "missing_lines": [], "excluded_lines": [], "start_line": 117}, "TwitterClient._get_mock_score": {"executed_lines": [148, 149, 150, 152], "summary": {"covered_lines": 4, "num_statements": 4, "percent_covered": 100.0, "percent_covered_display": "100", "missing_lines": 0, "excluded_lines": 0, "percent_statements_covered": 100.0, "percent_statements_covered_display": "100"}, "missing_lines": [], "excluded_lines": [], "start_line": 146}, "RSSClient.__init__": {"executed_lines": [158], "summary": {"covered_lines": 1, "num_statements": 1, "percent_covered": 100.0, "percent_covered_display": "100", "missing_lines": 0, "excluded_lines": 0, "percent_statements_covered": 100.0, "percent_statements_covered_display": "100"}, "missing_lines": [], "excluded_lines": [], "start_line": 157}, "RSSClient.get_sentiment": {"executed_lines": [162, 171, 173, 194, 195, 196, 197, 198, 202, 203, 204, 207, 209, 210, 215, 216, 217, 218, 219, 221, 223, 225, 226, 227, 228, 230, 231], "summary": {"covered_lines": 27, "num_statements": 34, "percent_covered": 79.41176470588235, "percent_covered_display": "79", "missing_lines": 7, "excluded_lines": 0, "percent_statements_covered": 79.41176470588235, "percent_statements_covered_display": "79"}, "missing_lines": [163, 164, 199, 200, 211, 212, 213], "excluded_lines": [], "start_line": 160}, "RSSClient.get_sentiment.fetch_and_parse_feed": {"executed_lines": [174, 175, 176, 177, 178, 179, 180, 181, 182, 183, 189, 190, 191, 192], "summary": {"covered_lines": 14, "num_statements": 14, "percent_covered": 100.0, "percent_covered_display": "100", "missing_lines": 0, "excluded_lines": 0, "percent_statements_covered": 100.0, "percent_statements_covered_display": "100"}, "missing_lines": [], "excluded_lines": [], "start_line": 173}, "RSSClient._get_mock_score": {"executed_lines": [238, 239, 240, 242], "summary": {"covered_lines": 4, "num_statements": 4, "percent_covered": 100.0, "percent_covered_display": "100", "missing_lines": 0, "excluded_lines": 0, "percent_statements_covered": 100.0, "percent_statements_covered_display": "100"}, "missing_lines": [], "excluded_lines": [], "start_line": 237}, "GlassnodeClient.__init__": {"executed_lines": [248], "summary": {"covered_lines": 1, "num_statements": 1, "percent_covered": 100.0, "percent_covered_display": "100", "missing_lines": 0, "excluded_lines": 0, "percent_statements_covered": 100.0, "percent_statements_covered_display": "100"}, "missing_lines": [], "excluded_lines": [], "start_line": 247}, "GlassnodeClient.get_sentiment": {"executed_lines": [253, 254, 256, 262, 263, 264, 270, 271, 278, 280, 281, 283, 288, 290, 294, 295, 306, 308, 310, 311, 312, 313, 317, 318, 319, 320, 321], "summary": {"covered_lines": 27, "num_statements": 31, "percent_covered": 87.09677419354838, "percent_covered_display": "87", "missing_lines": 4, "excluded_lines": 0, "percent_statements_covered": 87.09677419354838, "percent_statements_covered_display": "87"}, "missing_lines": [291, 307, 309, 315], "excluded_lines": [], "start_line": 250}, "GlassnodeClient.get_sentiment.make_request": {"executed_lines": [284, 285, 286], "summary": {"covered_lines": 3, "num_statements": 3, "percent_covered": 100.0, "percent_covered_display": "100", "missing_lines": 0, "excluded_lines": 0, "percent_statements_covered": 100.0, "percent_statements_covered_display": "100"}, "missing_lines": [], "excluded_lines": [], "start_line": 283}, "GlassnodeClient._get_mock_score": {"executed_lines": [329, 330, 331, 333, 336, 338, 341], "summary": {"covered_lines": 7, "num_statements": 9, "percent_covered": 77.77777777777777, "percent_covered_display": "78", "missing_lines": 2, "excluded_lines": 0, "percent_statements_covered": 77.77777777777777, "percent_statements_covered_display": "78"}, "missing_lines": [337, 339], "excluded_lines": [], "start_line": 327}, "SentimentAnalyzer.__init__": {"executed_lines": [347, 348, 349, 350], "summary": {"covered_lines": 4, "num_statements": 4, "percent_covered": 100.0, "percent_covered_display": "100", "missing_lines": 0, "excluded_lines": 0, "percent_statements_covered": 100.0, "percent_statements_covered_display": "100"}, "missing_lines": [], "excluded_lines": [], "start_line": 346}, "SentimentAnalyzer.analyze_symbol": {"executed_lines": [354, 357, 360, 361, 365, 366, 367, 369, 373, 378, 383, 394, 396, 397, 398, 401, 406, 411, 413, 421, 422, 433], "summary": {"covered_lines": 22, "num_statements": 29, "percent_covered": 75.86206896551724, "percent_covered_display": "76", "missing_lines": 7, "excluded_lines": 0, "percent_statements_covered": 75.86206896551724, "percent_statements_covered_display": "76"}, "missing_lines": [355, 362, 402, 403, 404, 430, 431], "excluded_lines": [], "start_line": 352}, "": {"executed_lines": [1, 2, 3, 4, 5, 6, 7, 8, 9, 10, 12, 13, 15, 16, 19, 22, 46, 71, 87, 88, 91, 146, 156, 157, 160, 237, 246, 247, 250, 327, 345, 346, 352], "summary": {"covered_lines": 33, "num_statements": 33, "percent_covered": 100.0, "percent_covered_display": "100", "missing_lines": 0, "excluded_lines": 0, "percent_statements_covered": 100.0, "percent_statements_covered_display": "100"}, "missing_lines": [], "excluded_lines": [], "start_line": 1}}, "classes": {"TwitterClient": {"executed_lines": [89, 93, 95, 96, 103, 104, 105, 107, 108, 113, 115, 117, 118, 119, 120, 122, 124, 125, 128, 129, 131, 136, 137, 138, 139, 148, 149, 150, 152], "summary": {"covered_lines": 29, "num_statements": 30, "percent_covered": 96.66666666666667, "percent_covered_display": "97", "missing_lines": 1, "excluded_lines": 0, "percent_statements_covered": 96.66666666666667, "percent_statements_covered_display": "97"}, "missing_lines": [126], "excluded_lines": [], "start_line": 87}, "RSSClient": {"executed_lines": [158, 162, 171, 173, 174, 175, 176, 177, 178, 179, 180, 181, 182, 183, 189, 190, 191, 192, 194, 195, 196, 197, 198, 202, 203, 204, 207, 209, 210, 215, 216, 217, 218, 219, 221, 223, 225, 226, 227, 228, 230, 231, 238, 239, 240, 242], "summary": {"covered_lines": 46, "num_statements": 53, "percent_covered": 86.79245283018868, "percent_covered_display": "87", "missing_lines": 7, "excluded_lines": 0, "percent_statements_covered": 86.79245283018868, "percent_statements_covered_display": "87"}, "missing_lines": [163, 164, 199, 200, 211, 212, 213], "excluded_lines": [], "start_line": 156}, "GlassnodeClient": {"executed_lines": [248, 253, 254, 256, 262, 263, 264, 270, 271, 278, 280, 281, 283, 284, 285, 286, 288, 290, 294, 295, 306, 308, 310, 311, 312, 313, 317, 318, 319, 320, 321, 329, 330, 331, 333, 336, 338, 341], "summary": {"covered_lines": 38, "num_statements": 44, "percent_covered": 86.36363636363636, "percent_covered_display": "86", "missing_lines": 6, "excluded_lines": 0, "percent_statements_covered": 86.36363636363636, "percent_statements_covered_display": "86"}, "missing_lines": [291, 307, 309, 315, 337, 339], "excluded_lines": [], "start_line": 246}, "SentimentAnalyzer": {"executed_lines": [347, 348, 349, 350, 354, 357, 360, 361, 365, 366, 367, 369, 373, 378, 383, 394, 396, 397, 398, 401, 406, 411, 413, 421, 422, 433], "summary": {"covered_lines": 26, "num_statements": 33, "percent_covered": 78.78787878787878, "percent_covered_display": "79", "missing_lines": 7, "excluded_lines": 0, "percent_statements_covered": 78.78787878787878, "percent_statements_covered_display": "79"}, "missing_lines": [355, 362, 402, 403, 404, 430, 431], "excluded_lines": [], "start_line": 345}, "": {"executed_lines": [1, 2, 3, 4, 5, 6, 7, 8, 9, 10, 12, 13, 15, 16, 19, 22, 46, 71, 73, 74, 75, 77, 78, 79, 80, 81, 82, 83, 87, 88, 91, 146, 156, 157, 160, 237, 246, 247, 250, 327, 345, 346, 352], "summary": {"covered_lines": 43, "num_statements": 43, "percent_covered": 100.0, "percent_covered_display": "100", "missing_lines": 0, "excluded_lines": 0, "percent_statements_covered": 100.0, "percent_statements_covered_display": "100"}, "missing_lines": [], "excluded_lines": [], "start_line": 1}}}, "nerves\\workers\\trading\\apply_indexes.py": {"executed_lines": [1, 3, 5, 6, 11, 12, 13, 14, 16, 19, 20, 21, 22, 23], "summary": {"covered_lines": 14, "num_statements": 14, "percent_covered": 100.0, "percent_covered_display": "100", "missing_lines": 0, "excluded_lines": 0, "percent_statements_covered": 100.0, "percent_statements_covered_display": "100"}, "missing_lines": [], "excluded_lines": [], "functions": {"": {"executed_lines": [1, 3, 5, 6, 11, 12, 13, 14, 16, 19, 20, 21, 22, 23], "summary": {"covered_lines": 14, "num_statements": 14, "percent_covered": 100.0, "percent_covered_display": "100", "missing_lines": 0, "excluded_lines": 0, "percent_statements_covered": 100.0, "percent_statements_covered_display": "100"}, "missing_lines": [], "excluded_lines": [], "start_line": 1}}, "classes": {"": {"executed_lines": [1, 3, 5, 6, 11, 12, 13, 14, 16, 19, 20, 21, 22, 23], "summary": {"covered_lines": 14, "num_statements": 14, "percent_covered": 100.0, "percent_covered_display": "100", "missing_lines": 0, "excluded_lines": 0, "percent_statements_covered": 100.0, "percent_statements_covered_display": "100"}, "missing_lines": [], "excluded_lines": [], "start_line": 1}}}, "nerves\\workers\\trading\\auth\\__init__.py": {"executed_lines": [8, 9, 10, 11, 13], "summary": {"covered_lines": 5, "num_statements": 5, "percent_covered": 100.0, "percent_covered_display": "100", "missing_lines": 0, "excluded_lines": 0, "percent_statements_covered": 100.0, "percent_statements_covered_display": "100"}, "missing_lines": [], "excluded_lines": [], "functions": {"": {"executed_lines": [8, 9, 10, 11, 13], "summary": {"covered_lines": 5, "num_statements": 5, "percent_covered": 100.0, "percent_covered_display": "100", "missing_lines": 0, "excluded_lines": 0, "percent_statements_covered": 100.0, "percent_statements_covered_display": "100"}, "missing_lines": [], "excluded_lines": [], "start_line": 1}}, "classes": {"": {"executed_lines": [8, 9, 10, 11, 13], "summary": {"covered_lines": 5, "num_statements": 5, "percent_covered": 100.0, "percent_covered_display": "100", "missing_lines": 0, "excluded_lines": 0, "percent_statements_covered": 100.0, "percent_statements_covered_display": "100"}, "missing_lines": [], "excluded_lines": [], "start_line": 1}}}, "nerves\\workers\\trading\\auth\\auth_config.py": {"executed_lines": [8, 9, 10, 12, 15, 25, 26, 27, 28, 29, 30, 33, 34, 36, 44, 45, 46, 48, 49, 55, 56, 73, 74, 86, 88, 94, 95, 97, 99, 101, 108, 110, 111, 113, 114, 115, 116, 118, 119, 120, 121, 122, 124, 131, 132, 133, 134, 135, 138, 140, 141, 145, 147, 148, 150, 154, 156, 158], "summary": {"covered_lines": 58, "num_statements": 69, "percent_covered": 84.05797101449275, "percent_covered_display": "84", "missing_lines": 11, "excluded_lines": 0, "percent_statements_covered": 84.05797101449275, "percent_statements_covered_display": "84"}, "missing_lines": [57, 59, 60, 64, 65, 67, 70, 79, 81, 102, 117], "excluded_lines": [], "functions": {"AuthConfig.__init__": {"executed_lines": [26, 27, 28, 29, 30, 33, 34], "summary": {"covered_lines": 7, "num_statements": 7, "percent_covered": 100.0, "percent_covered_display": "100", "missing_lines": 0, "excluded_lines": 0, "percent_statements_covered": 100.0, "percent_statements_covered_display": "100"}, "missing_lines": [], "excluded_lines": [], "start_line": 25}, "AuthConfig._load_secret_key": {"executed_lines": [44, 45, 46, 48, 49, 55, 56, 73, 74, 86], "summary": {"covered_lines": 10, "num_statements": 19, "percent_covered": 52.63157894736842, "percent_covered_display": "53", "missing_lines": 9, "excluded_lines": 0, "percent_statements_covered": 52.63157894736842, "percent_statements_covered_display": "53"}, "missing_lines": [57, 59, 60, 64, 65, 67, 70, 79, 81], "excluded_lines": [], "start_line": 36}, "AuthConfig._load_allowed_users": {"executed_lines": [94, 95, 97, 99, 101, 108], "summary": {"covered_lines": 6, "num_statements": 7, "percent_covered": 85.71428571428571, "percent_covered_display": "86", "missing_lines": 1, "excluded_lines": 0, "percent_statements_covered": 85.71428571428571, "percent_statements_covered_display": "86"}, "missing_lines": [102], "excluded_lines": [], "start_line": 88}, "AuthConfig._parse_user_ids": {"executed_lines": [113, 114, 115, 116, 118, 119, 120, 121, 122], "summary": {"covered_lines": 9, "num_statements": 10, "percent_covered": 90.0, "percent_covered_display": "90", "missing_lines": 1, "excluded_lines": 0, "percent_statements_covered": 90.0, "percent_statements_covered_display": "90"}, "missing_lines": [117], "excluded_lines": [], "start_line": 111}, "AuthConfig._load_session_expiry": {"executed_lines": [131, 132, 133, 134, 135, 138, 140, 141, 145, 147, 148, 150, 154], "summary": {"covered_lines": 13, "num_statements": 13, "percent_covered": 100.0, "percent_covered_display": "100", "missing_lines": 0, "excluded_lines": 0, "percent_statements_covered": 100.0, "percent_statements_covered_display": "100"}, "missing_lines": [], "excluded_lines": [], "start_line": 124}, "AuthConfig.is_user_allowed": {"executed_lines": [158], "summary": {"covered_lines": 1, "num_statements": 1, "percent_covered": 100.0, "percent_covered_display": "100", "missing_lines": 0, "excluded_lines": 0, "percent_statements_covered": 100.0, "percent_statements_covered_display": "100"}, "missing_lines": [], "excluded_lines": [], "start_line": 156}, "": {"executed_lines": [8, 9, 10, 12, 15, 25, 36, 88, 110, 111, 124, 156], "summary": {"covered_lines": 12, "num_statements": 12, "percent_covered": 100.0, "percent_covered_display": "100", "missing_lines": 0, "excluded_lines": 0, "percent_statements_covered": 100.0, "percent_statements_covered_display": "100"}, "missing_lines": [], "excluded_lines": [], "start_line": 1}}, "classes": {"AuthConfig": {"executed_lines": [26, 27, 28, 29, 30, 33, 34, 44, 45, 46, 48, 49, 55, 56, 73, 74, 86, 94, 95, 97, 99, 101, 108, 113, 114, 115, 116, 118, 119, 120, 121, 122, 131, 132, 133, 134, 135, 138, 140, 141, 145, 147, 148, 150, 154, 158], "summary": {"covered_lines": 46, "num_statements": 57, "percent_covered": 80.70175438596492, "percent_covered_display": "81", "missing_lines": 11, "excluded_lines": 0, "percent_statements_covered": 80.70175438596492, "percent_statements_covered_display": "81"}, "missing_lines": [57, 59, 60, 64, 65, 67, 70, 79, 81, 102, 117], "excluded_lines": [], "start_line": 15}, "": {"executed_lines": [8, 9, 10, 12, 15, 25, 36, 88, 110, 111, 124, 156], "summary": {"covered_lines": 12, "num_statements": 12, "percent_covered": 100.0, "percent_covered_display": "100", "missing_lines": 0, "excluded_lines": 0, "percent_statements_covered": 100.0, "percent_statements_covered_display": "100"}, "missing_lines": [], "excluded_lines": [], "start_line": 1}}}, "nerves\\workers\\trading\\auth\\middleware.py": {"executed_lines": [8, 10, 11, 12, 14, 21, 33, 43, 45, 46, 47, 49, 52, 54, 56, 59, 62, 63, 64, 65, 68, 80, 81, 82, 84, 86, 89, 90, 95, 100, 104, 106, 107, 109, 113, 114, 115, 116, 117, 120, 121, 122, 123, 128, 130, 133, 136, 139, 141, 143, 144, 146, 147, 148, 150, 151, 154, 155, 157, 159, 166, 167, 169, 175, 176, 177, 179, 180, 181, 182, 183, 184, 185, 187, 221, 230, 232, 233, 239], "summary": {"covered_lines": 79, "num_statements": 106, "percent_covered": 74.52830188679245, "percent_covered_display": "75", "missing_lines": 27, "excluded_lines": 0, "percent_statements_covered": 74.52830188679245, "percent_statements_covered_display": "75"}, "missing_lines": [57, 60, 101, 134, 145, 152, 168, 191, 193, 194, 195, 197, 198, 199, 202, 211, 212, 213, 216, 217, 219, 223, 224, 225, 226, 227, 228], "excluded_lines": [], "functions": {"_is_public_path": {"executed_lines": [45, 46, 47, 49], "summary": {"covered_lines": 4, "num_statements": 4, "percent_covered": 100.0, "percent_covered_display": "100", "missing_lines": 0, "excluded_lines": 0, "percent_statements_covered": 100.0, "percent_statements_covered_display": "100"}, "missing_lines": [], "excluded_lines": [], "start_line": 43}, "_is_api_request": {"executed_lines": [54, 56, 59, 62, 63, 64, 65], "summary": {"covered_lines": 7, "num_statements": 9, "percent_covered": 77.77777777777777, "percent_covered_display": "78", "missing_lines": 2, "excluded_lines": 0, "percent_statements_covered": 77.77777777777777, "percent_statements_covered_display": "78"}, "missing_lines": [57, 60], "excluded_lines": [], "start_line": 52}, "AuthMiddleware.__init__": {"executed_lines": [81, 82], "summary": {"covered_lines": 2, "num_statements": 2, "percent_covered": 100.0, "percent_covered_display": "100", "missing_lines": 0, "excluded_lines": 0, "percent_statements_covered": 100.0, "percent_statements_covered_display": "100"}, "missing_lines": [], "excluded_lines": [], "start_line": 80}, "AuthMiddleware.dispatch": {"executed_lines": [86, 89, 90, 95, 100, 104, 106, 107, 109, 113, 114, 115, 116, 117, 120, 121, 122, 123, 128, 130, 133, 136, 139], "summary": {"covered_lines": 23, "num_statements": 25, "percent_covered": 92.0, "percent_covered_display": "92", "missing_lines": 2, "excluded_lines": 0, "percent_statements_covered": 92.0, "percent_statements_covered_display": "92"}, "missing_lines": [101, 134], "excluded_lines": [], "start_line": 84}, "AuthMiddleware._check_bearer": {"executed_lines": [143, 144, 146, 147, 148, 150, 151, 154, 155, 157], "summary": {"covered_lines": 10, "num_statements": 12, "percent_covered": 83.33333333333333, "percent_covered_display": "83", "missing_lines": 2, "excluded_lines": 0, "percent_statements_covered": 83.33333333333333, "percent_statements_covered_display": "83"}, "missing_lines": [145, 152], "excluded_lines": [], "start_line": 141}, "AuthMiddleware._check_session": {"executed_lines": [166, 167, 169, 175, 176, 177, 179, 180, 181, 182, 183, 184, 185], "summary": {"covered_lines": 13, "num_statements": 14, "percent_covered": 92.85714285714286, "percent_covered_display": "93", "missing_lines": 1, "excluded_lines": 0, "percent_statements_covered": 92.85714285714286, "percent_statements_covered_display": "93"}, "missing_lines": [168], "excluded_lines": [], "start_line": 159}, "AuthMiddleware._refresh_cookie": {"executed_lines": [], "summary": {"covered_lines": 0, "num_statements": 14, "percent_covered": 0.0, "percent_covered_display": "0", "missing_lines": 14, "excluded_lines": 0, "percent_statements_covered": 0.0, "percent_statements_covered_display": "0"}, "missing_lines": [191, 193, 194, 195, 197, 198, 199, 202, 211, 212, 213, 216, 217, 219], "excluded_lines": [], "start_line": 187}, "AuthMiddleware._cookie_max_age": {"executed_lines": [], "summary": {"covered_lines": 0, "num_statements": 6, "percent_covered": 0.0, "percent_covered_display": "0", "missing_lines": 6, "excluded_lines": 0, "percent_statements_covered": 0.0, "percent_statements_covered_display": "0"}, "missing_lines": [223, 224, 225, 226, 227, 228], "excluded_lines": [], "start_line": 221}, "AuthMiddleware._unauthenticated_response": {"executed_lines": [232, 233, 239], "summary": {"covered_lines": 3, "num_statements": 3, "percent_covered": 100.0, "percent_covered_display": "100", "missing_lines": 0, "excluded_lines": 0, "percent_statements_covered": 100.0, "percent_statements_covered_display": "100"}, "missing_lines": [], "excluded_lines": [], "start_line": 230}, "": {"executed_lines": [8, 10, 11, 12, 14, 21, 33, 43, 52, 68, 80, 84, 141, 159, 187, 221, 230], "summary": {"covered_lines": 17, "num_statements": 17, "percent_covered": 100.0, "percent_covered_display": "100", "missing_lines": 0, "excluded_lines": 0, "percent_statements_covered": 100.0, "percent_statements_covered_display": "100"}, "missing_lines": [], "excluded_lines": [], "start_line": 1}}, "classes": {"AuthMiddleware": {"executed_lines": [81, 82, 86, 89, 90, 95, 100, 104, 106, 107, 109, 113, 114, 115, 116, 117, 120, 121, 122, 123, 128, 130, 133, 136, 139, 143, 144, 146, 147, 148, 150, 151, 154, 155, 157, 166, 167, 169, 175, 176, 177, 179, 180, 181, 182, 183, 184, 185, 232, 233, 239], "summary": {"covered_lines": 51, "num_statements": 76, "percent_covered": 67.10526315789474, "percent_covered_display": "67", "missing_lines": 25, "excluded_lines": 0, "percent_statements_covered": 67.10526315789474, "percent_statements_covered_display": "67"}, "missing_lines": [101, 134, 145, 152, 168, 191, 193, 194, 195, 197, 198, 199, 202, 211, 212, 213, 216, 217, 219, 223, 224, 225, 226, 227, 228], "excluded_lines": [], "start_line": 68}, "": {"executed_lines": [8, 10, 11, 12, 14, 21, 33, 43, 45, 46, 47, 49, 52, 54, 56, 59, 62, 63, 64, 65, 68, 80, 84, 141, 159, 187, 221, 230], "summary": {"covered_lines": 28, "num_statements": 30, "percent_covered": 93.33333333333333, "percent_covered_display": "93", "missing_lines": 2, "excluded_lines": 0, "percent_statements_covered": 93.33333333333333, "percent_statements_covered_display": "93"}, "missing_lines": [57, 60], "excluded_lines": [], "start_line": 1}}}, "nerves\\workers\\trading\\auth\\models.py": {"executed_lines": [8, 9, 16, 17, 20, 21, 22, 25, 26, 29, 30, 31, 32, 33, 34, 37, 38, 50, 51, 52, 53, 54, 55, 63, 66, 72, 75, 78, 81, 84, 87, 93, 96, 102, 105, 108, 111, 114, 117, 123, 126, 129, 132], "summary": {"covered_lines": 43, "num_statements": 43, "percent_covered": 100.0, "percent_covered_display": "100", "missing_lines": 0, "excluded_lines": 0, "percent_statements_covered": 100.0, "percent_statements_covered_display": "100"}, "missing_lines": [], "excluded_lines": [], "functions": {"": {"executed_lines": [8, 9, 16, 17, 20, 21, 22, 25, 26, 29, 30, 31, 32, 33, 34, 37, 38, 50, 51, 52, 53, 54, 55, 63, 66, 72, 75, 78, 81, 84, 87, 93, 96, 102, 105, 108, 111, 114, 117, 123, 126, 129, 132], "summary": {"covered_lines": 43, "num_statements": 43, "percent_covered": 100.0, "percent_covered_display": "100", "missing_lines": 0, "excluded_lines": 0, "percent_statements_covered": 100.0, "percent_statements_covered_display": "100"}, "missing_lines": [], "excluded_lines": [], "start_line": 1}}, "classes": {"UserIdentity": {"executed_lines": [], "summary": {"covered_lines": 0, "num_statements": 0, "percent_covered": 100.0, "percent_covered_display": "100", "missing_lines": 0, "excluded_lines": 0, "percent_statements_covered": 100.0, "percent_statements_covered_display": "100"}, "missing_lines": [], "excluded_lines": [], "start_line": 17}, "OneTimeCode": {"executed_lines": [], "summary": {"covered_lines": 0, "num_statements": 0, "percent_covered": 100.0, "percent_covered_display": "100", "missing_lines": 0, "excluded_lines": 0, "percent_statements_covered": 100.0, "percent_statements_covered_display": "100"}, "missing_lines": [], "excluded_lines": [], "start_line": 26}, "SessionData": {"executed_lines": [], "summary": {"covered_lines": 0, "num_statements": 0, "percent_covered": 100.0, "percent_covered_display": "100", "missing_lines": 0, "excluded_lines": 0, "percent_statements_covered": 100.0, "percent_statements_covered_display": "100"}, "missing_lines": [], "excluded_lines": [], "start_line": 38}, "AuthError": {"executed_lines": [], "summary": {"covered_lines": 0, "num_statements": 0, "percent_covered": 100.0, "percent_covered_display": "100", "missing_lines": 0, "excluded_lines": 0, "percent_statements_covered": 100.0, "percent_statements_covered_display": "100"}, "missing_lines": [], "excluded_lines": [], "start_line": 63}, "CodeInvalidError": {"executed_lines": [], "summary": {"covered_lines": 0, "num_statements": 0, "percent_covered": 100.0, "percent_covered_display": "100", "missing_lines": 0, "excluded_lines": 0, "percent_statements_covered": 100.0, "percent_statements_covered_display": "100"}, "missing_lines": [], "excluded_lines": [], "start_line": 72}, "CodeExpiredError": {"executed_lines": [], "summary": {"covered_lines": 0, "num_statements": 0, "percent_covered": 100.0, "percent_covered_display": "100", "missing_lines": 0, "excluded_lines": 0, "percent_statements_covered": 100.0, "percent_statements_covered_display": "100"}, "missing_lines": [], "excluded_lines": [], "start_line": 78}, "CodeUsedError": {"executed_lines": [], "summary": {"covered_lines": 0, "num_statements": 0, "percent_covered": 100.0, "percent_covered_display": "100", "missing_lines": 0, "excluded_lines": 0, "percent_statements_covered": 100.0, "percent_statements_covered_display": "100"}, "missing_lines": [], "excluded_lines": [], "start_line": 84}, "UserNotAllowedError": {"executed_lines": [], "summary": {"covered_lines": 0, "num_statements": 0, "percent_covered": 100.0, "percent_covered_display": "100", "missing_lines": 0, "excluded_lines": 0, "percent_statements_covered": 100.0, "percent_statements_covered_display": "100"}, "missing_lines": [], "excluded_lines": [], "start_line": 93}, "TokenInvalidError": {"executed_lines": [], "summary": {"covered_lines": 0, "num_statements": 0, "percent_covered": 100.0, "percent_covered_display": "100", "missing_lines": 0, "excluded_lines": 0, "percent_statements_covered": 100.0, "percent_statements_covered_display": "100"}, "missing_lines": [], "excluded_lines": [], "start_line": 102}, "TokenExpiredError": {"executed_lines": [], "summary": {"covered_lines": 0, "num_statements": 0, "percent_covered": 100.0, "percent_covered_display": "100", "missing_lines": 0, "excluded_lines": 0, "percent_statements_covered": 100.0, "percent_statements_covered_display": "100"}, "missing_lines": [], "excluded_lines": [], "start_line": 108}, "SessionMaxLifetimeError": {"executed_lines": [], "summary": {"covered_lines": 0, "num_statements": 0, "percent_covered": 100.0, "percent_covered_display": "100", "missing_lines": 0, "excluded_lines": 0, "percent_statements_covered": 100.0, "percent_statements_covered_display": "100"}, "missing_lines": [], "excluded_lines": [], "start_line": 114}, "WidgetHashInvalidError": {"executed_lines": [], "summary": {"covered_lines": 0, "num_statements": 0, "percent_covered": 100.0, "percent_covered_display": "100", "missing_lines": 0, "excluded_lines": 0, "percent_statements_covered": 100.0, "percent_statements_covered_display": "100"}, "missing_lines": [], "excluded_lines": [], "start_line": 123}, "WidgetExpiredError": {"executed_lines": [], "summary": {"covered_lines": 0, "num_statements": 0, "percent_covered": 100.0, "percent_covered_display": "100", "missing_lines": 0, "excluded_lines": 0, "percent_statements_covered": 100.0, "percent_statements_covered_display": "100"}, "missing_lines": [], "excluded_lines": [], "start_line": 129}, "": {"executed_lines": [8, 9, 16, 17, 20, 21, 22, 25, 26, 29, 30, 31, 32, 33, 34, 37, 38, 50, 51, 52, 53, 54, 55, 63, 66, 72, 75, 78, 81, 84, 87, 93, 96, 102, 105, 108, 111, 114, 117, 123, 126, 129, 132], "summary": {"covered_lines": 43, "num_statements": 43, "percent_covered": 100.0, "percent_covered_display": "100", "missing_lines": 0, "excluded_lines": 0, "percent_statements_covered": 100.0, "percent_statements_covered_display": "100"}, "missing_lines": [], "excluded_lines": [], "start_line": 1}}}, "nerves\\workers\\trading\\auth\\routes.py": {"executed_lines": [11, 13, 14, 15, 17, 19, 22, 24, 27, 28, 34, 36, 37, 38, 40, 41, 58, 59, 70, 77, 78, 83, 84, 87, 90, 93, 96, 105, 108, 109, 114, 124, 128, 130, 131, 134, 135, 136, 137, 142, 143, 153, 154, 241, 242, 244, 247, 248, 249, 250, 251, 253, 254, 262, 263, 264, 267, 269], "summary": {"covered_lines": 58, "num_statements": 98, "percent_covered": 59.183673469387756, "percent_covered_display": "59", "missing_lines": 40, "excluded_lines": 0, "percent_statements_covered": 59.183673469387756, "percent_statements_covered_display": "59"}, "missing_lines": [44, 79, 148, 149, 150, 159, 165, 166, 167, 171, 172, 176, 177, 178, 181, 182, 184, 186, 187, 188, 189, 191, 192, 194, 204, 206, 214, 216, 228, 229, 230, 231, 232, 233, 234, 235, 236, 255, 256, 258], "excluded_lines": [], "functions": {"_get_auth_service": {"executed_lines": [24], "summary": {"covered_lines": 1, "num_statements": 1, "percent_covered": 100.0, "percent_covered_display": "100", "missing_lines": 0, "excluded_lines": 0, "percent_statements_covered": 100.0, "percent_statements_covered_display": "100"}, "missing_lines": [], "excluded_lines": [], "start_line": 22}, "login_page": {"executed_lines": [34, 36, 37, 38, 40, 41], "summary": {"covered_lines": 6, "num_statements": 7, "percent_covered": 85.71428571428571, "percent_covered_display": "86", "missing_lines": 1, "excluded_lines": 0, "percent_statements_covered": 85.71428571428571, "percent_statements_covered_display": "86"}, "missing_lines": [44], "excluded_lines": [], "start_line": 28}, "auth_callback": {"executed_lines": [70, 77, 78, 83, 84, 87, 90, 93, 96, 105, 108, 109, 114, 124, 128, 130, 131, 134, 135, 136, 137, 142, 143], "summary": {"covered_lines": 23, "num_statements": 27, "percent_covered": 85.18518518518519, "percent_covered_display": "85", "missing_lines": 4, "excluded_lines": 0, "percent_statements_covered": 85.18518518518519, "percent_statements_covered_display": "85"}, "missing_lines": [79, 148, 149, 150], "excluded_lines": [], "start_line": 59}, "telegram_widget_callback": {"executed_lines": [], "summary": {"covered_lines": 0, "num_statements": 32, "percent_covered": 0.0, "percent_covered_display": "0", "missing_lines": 32, "excluded_lines": 0, "percent_statements_covered": 0.0, "percent_statements_covered_display": "0"}, "missing_lines": [159, 165, 166, 167, 171, 172, 176, 177, 178, 181, 182, 184, 186, 187, 188, 189, 191, 192, 194, 204, 206, 214, 216, 228, 229, 230, 231, 232, 233, 234, 235, 236], "excluded_lines": [], "start_line": 154}, "logout": {"executed_lines": [244, 247, 248, 249, 250, 251, 253, 254, 262, 263, 264], "summary": {"covered_lines": 11, "num_statements": 14, "percent_covered": 78.57142857142857, "percent_covered_display": "79", "missing_lines": 3, "excluded_lines": 0, "percent_statements_covered": 78.57142857142857, "percent_statements_covered_display": "79"}, "missing_lines": [255, 256, 258], "excluded_lines": [], "start_line": 242}, "_error_page": {"executed_lines": [269], "summary": {"covered_lines": 1, "num_statements": 1, "percent_covered": 100.0, "percent_covered_display": "100", "missing_lines": 0, "excluded_lines": 0, "percent_statements_covered": 100.0, "percent_statements_covered_display": "100"}, "missing_lines": [], "excluded_lines": [], "start_line": 267}, "": {"executed_lines": [11, 13, 14, 15, 17, 19, 22, 27, 28, 58, 59, 153, 154, 241, 242, 267], "summary": {"covered_lines": 16, "num_statements": 16, "percent_covered": 100.0, "percent_covered_display": "100", "missing_lines": 0, "excluded_lines": 0, "percent_statements_covered": 100.0, "percent_statements_covered_display": "100"}, "missing_lines": [], "excluded_lines": [], "start_line": 1}}, "classes": {"": {"executed_lines": [11, 13, 14, 15, 17, 19, 22, 24, 27, 28, 34, 36, 37, 38, 40, 41, 58, 59, 70, 77, 78, 83, 84, 87, 90, 93, 96, 105, 108, 109, 114, 124, 128, 130, 131, 134, 135, 136, 137, 142, 143, 153, 154, 241, 242, 244, 247, 248, 249, 250, 251, 253, 254, 262, 263, 264, 267, 269], "summary": {"covered_lines": 58, "num_statements": 98, "percent_covered": 59.183673469387756, "percent_covered_display": "59", "missing_lines": 40, "excluded_lines": 0, "percent_statements_covered": 59.183673469387756, "percent_statements_covered_display": "59"}, "missing_lines": [44, 79, 148, 149, 150, 159, 165, 166, 167, 171, 172, 176, 177, 178, 181, 182, 184, 186, 187, 188, 189, 191, 192, 194, 204, 206, 214, 216, 228, 229, 230, 231, 232, 233, 234, 235, 236, 255, 256, 258], "excluded_lines": [], "start_line": 1}}}, "nerves\\workers\\trading\\auth\\service.py": {"executed_lines": [16, 17, 18, 19, 20, 21, 22, 24, 25, 40, 43, 50, 51, 52, 58, 69, 70, 71, 73, 82, 86, 88, 108, 111, 112, 115, 116, 117, 118, 121, 122, 125, 126, 129, 130, 131, 136, 137, 143, 147, 148, 150, 155, 156, 158, 167, 174, 176, 185, 186, 188, 190, 192, 207, 209, 212, 213, 214, 216, 219, 220, 221, 222, 224, 228, 229, 232, 233, 237, 238, 241, 243, 244, 245, 248, 251, 252, 255, 258, 259, 261, 270, 275, 276, 278, 279, 280, 282, 297, 298, 302, 307, 310, 312, 313, 315, 328, 334, 336, 347, 406, 407, 415, 417, 418, 419, 420], "summary": {"covered_lines": 107, "num_statements": 132, "percent_covered": 81.06060606060606, "percent_covered_display": "81", "missing_lines": 25, "excluded_lines": 0, "percent_statements_covered": 81.06060606060606, "percent_statements_covered_display": "81"}, "missing_lines": [119, 152, 153, 234, 235, 239, 246, 303, 308, 341, 364, 367, 372, 373, 374, 380, 381, 384, 385, 386, 387, 390, 391, 392, 396], "excluded_lines": [], "functions": {"AuthService.__init__": {"executed_lines": [51, 52], "summary": {"covered_lines": 2, "num_statements": 2, "percent_covered": 100.0, "percent_covered_display": "100", "missing_lines": 0, "excluded_lines": 0, "percent_statements_covered": 100.0, "percent_statements_covered_display": "100"}, "missing_lines": [], "excluded_lines": [], "start_line": 50}, "AuthService.generate_login_code": {"executed_lines": [69, 70, 71, 73, 82, 86], "summary": {"covered_lines": 6, "num_statements": 6, "percent_covered": 100.0, "percent_covered_display": "100", "missing_lines": 0, "excluded_lines": 0, "percent_statements_covered": 100.0, "percent_statements_covered_display": "100"}, "missing_lines": [], "excluded_lines": [], "start_line": 58}, "AuthService.exchange_code": {"executed_lines": [108, 111, 112, 115, 116, 117, 118, 121, 122, 125, 126, 129, 130, 131, 136, 137], "summary": {"covered_lines": 16, "num_statements": 17, "percent_covered": 94.11764705882354, "percent_covered_display": "94", "missing_lines": 1, "excluded_lines": 0, "percent_statements_covered": 94.11764705882354, "percent_statements_covered_display": "94"}, "missing_lines": [119], "excluded_lines": [], "start_line": 88}, "AuthService._create_session": {"executed_lines": [147, 148, 150, 155, 156, 158], "summary": {"covered_lines": 6, "num_statements": 8, "percent_covered": 75.0, "percent_covered_display": "75", "missing_lines": 2, "excluded_lines": 0, "percent_statements_covered": 75.0, "percent_statements_covered_display": "75"}, "missing_lines": [152, 153], "excluded_lines": [], "start_line": 143}, "AuthService.create_session_token": {"executed_lines": [174, 176, 185, 186, 188, 190], "summary": {"covered_lines": 6, "num_statements": 6, "percent_covered": 100.0, "percent_covered_display": "100", "missing_lines": 0, "excluded_lines": 0, "percent_statements_covered": 100.0, "percent_statements_covered_display": "100"}, "missing_lines": [], "excluded_lines": [], "start_line": 167}, "AuthService.verify_session_token": {"executed_lines": [207, 209, 212, 213, 214, 216, 219, 220, 221, 222, 224, 228, 229, 232, 233, 237, 238, 241, 243, 244, 245, 248, 251, 252, 255, 258, 259, 261], "summary": {"covered_lines": 28, "num_statements": 32, "percent_covered": 87.5, "percent_covered_display": "88", "missing_lines": 4, "excluded_lines": 0, "percent_statements_covered": 87.5, "percent_statements_covered_display": "88"}, "missing_lines": [234, 235, 239, 246], "excluded_lines": [], "start_line": 192}, "AuthService.should_refresh": {"executed_lines": [275, 276, 278, 279, 280], "summary": {"covered_lines": 5, "num_statements": 5, "percent_covered": 100.0, "percent_covered_display": "100", "missing_lines": 0, "excluded_lines": 0, "percent_statements_covered": 100.0, "percent_statements_covered_display": "100"}, "missing_lines": [], "excluded_lines": [], "start_line": 270}, "AuthService.refresh_session": {"executed_lines": [297, 298, 302, 307, 310, 312, 313, 315], "summary": {"covered_lines": 8, "num_statements": 10, "percent_covered": 80.0, "percent_covered_display": "80", "missing_lines": 2, "excluded_lines": 0, "percent_statements_covered": 80.0, "percent_statements_covered_display": "80"}, "missing_lines": [303, 308], "excluded_lines": [], "start_line": 282}, "AuthService.invalidate_session": {"executed_lines": [334], "summary": {"covered_lines": 1, "num_statements": 1, "percent_covered": 100.0, "percent_covered_display": "100", "missing_lines": 0, "excluded_lines": 0, "percent_statements_covered": 100.0, "percent_statements_covered_display": "100"}, "missing_lines": [], "excluded_lines": [], "start_line": 328}, "AuthService.invalidate_all_user_sessions": {"executed_lines": [], "summary": {"covered_lines": 0, "num_statements": 1, "percent_covered": 0.0, "percent_covered_display": "0", "missing_lines": 1, "excluded_lines": 0, "percent_statements_covered": 0.0, "percent_statements_covered_display": "0"}, "missing_lines": [341], "excluded_lines": [], "start_line": 336}, "AuthService.verify_widget_data": {"executed_lines": [], "summary": {"covered_lines": 0, "num_statements": 15, "percent_covered": 0.0, "percent_covered_display": "0", "missing_lines": 15, "excluded_lines": 0, "percent_statements_covered": 0.0, "percent_statements_covered_display": "0"}, "missing_lines": [364, 367, 372, 373, 374, 380, 381, 384, 385, 386, 387, 390, 391, 392, 396], "excluded_lines": [], "start_line": 347}, "AuthService.verify_bearer_token": {"executed_lines": [415, 417, 418, 419, 420], "summary": {"covered_lines": 5, "num_statements": 5, "percent_covered": 100.0, "percent_covered_display": "100", "missing_lines": 0, "excluded_lines": 0, "percent_statements_covered": 100.0, "percent_statements_covered_display": "100"}, "missing_lines": [], "excluded_lines": [], "start_line": 407}, "": {"executed_lines": [16, 17, 18, 19, 20, 21, 22, 24, 25, 40, 43, 50, 58, 88, 143, 167, 192, 270, 282, 328, 336, 347, 406, 407], "summary": {"covered_lines": 24, "num_statements": 24, "percent_covered": 100.0, "percent_covered_display": "100", "missing_lines": 0, "excluded_lines": 0, "percent_statements_covered": 100.0, "percent_statements_covered_display": "100"}, "missing_lines": [], "excluded_lines": [], "start_line": 1}}, "classes": {"AuthService": {"executed_lines": [51, 52, 69, 70, 71, 73, 82, 86, 108, 111, 112, 115, 116, 117, 118, 121, 122, 125, 126, 129, 130, 131, 136, 137, 147, 148, 150, 155, 156, 158, 174, 176, 185, 186, 188, 190, 207, 209, 212, 213, 214, 216, 219, 220, 221, 222, 224, 228, 229, 232, 233, 237, 238, 241, 243, 244, 245, 248, 251, 252, 255, 258, 259, 261, 275, 276, 278, 279, 280, 297, 298, 302, 307, 310, 312, 313, 315, 334, 415, 417, 418, 419, 420], "summary": {"covered_lines": 83, "num_statements": 108, "percent_covered": 76.85185185185185, "percent_covered_display": "77", "missing_lines": 25, "excluded_lines": 0, "percent_statements_covered": 76.85185185185185, "percent_statements_covered_display": "77"}, "missing_lines": [119, 152, 153, 234, 235, 239, 246, 303, 308, 341, 364, 367, 372, 373, 374, 380, 381, 384, 385, 386, 387, 390, 391, 392, 396], "excluded_lines": [], "start_line": 43}, "": {"executed_lines": [16, 17, 18, 19, 20, 21, 22, 24, 25, 40, 43, 50, 58, 88, 143, 167, 192, 270, 282, 328, 336, 347, 406, 407], "summary": {"covered_lines": 24, "num_statements": 24, "percent_covered": 100.0, "percent_covered_display": "100", "missing_lines": 0, "excluded_lines": 0, "percent_statements_covered": 100.0, "percent_statements_covered_display": "100"}, "missing_lines": [], "excluded_lines": [], "start_line": 1}}}, "nerves\\workers\\trading\\brief.py": {"executed_lines": [6, 7, 8, 9, 10, 12, 13, 14, 15, 16, 17, 18, 19, 21, 23, 26, 29, 35, 36, 38, 45, 46, 49, 51, 52, 53, 58, 59, 60, 62, 66, 67, 69, 75, 76, 77, 78, 79, 80, 81, 82, 85, 86, 87, 88, 89, 91, 94, 105, 106, 108, 111, 112, 117, 118, 119, 124, 125, 126, 132, 133, 134, 137, 138, 139, 141, 142, 148, 149, 152, 153, 163, 164, 167, 168, 170, 173, 174, 175, 183, 198, 208, 209, 210, 223, 225, 236, 270, 271, 276, 277, 278, 284, 286, 287, 289, 292, 298, 304, 307, 317, 318, 325, 364, 367, 370, 375, 376, 377, 381, 385, 390, 414, 417, 418, 420, 432, 435, 437], "summary": {"covered_lines": 119, "num_statements": 174, "percent_covered": 68.39080459770115, "percent_covered_display": "68", "missing_lines": 55, "excluded_lines": 0, "percent_statements_covered": 68.39080459770115, "percent_statements_covered_display": "68"}, "missing_lines": [54, 55, 56, 70, 71, 72, 113, 114, 127, 128, 129, 135, 159, 160, 214, 217, 218, 237, 240, 242, 243, 244, 245, 254, 259, 260, 265, 268, 269, 326, 329, 330, 331, 332, 340, 341, 342, 343, 346, 347, 348, 349, 357, 359, 360, 361, 362, 371, 372, 382, 384, 386, 387, 429, 430], "excluded_lines": [], "functions": {"_format_brief_text": {"executed_lines": [35, 36, 38, 45, 46, 49, 51, 52, 53, 58, 59, 60, 62, 66, 67, 69, 75, 76, 77, 78, 79, 80, 81, 82, 85, 86, 87, 88, 89, 91], "summary": {"covered_lines": 30, "num_statements": 36, "percent_covered": 83.33333333333333, "percent_covered_display": "83", "missing_lines": 6, "excluded_lines": 0, "percent_statements_covered": 83.33333333333333, "percent_statements_covered_display": "83"}, "missing_lines": [54, 55, 56, 70, 71, 72], "excluded_lines": [], "start_line": 29}, "generate_morning_brief": {"executed_lines": [105, 106, 108, 111, 112, 117, 118, 119, 124, 125, 126, 132, 133, 134, 137, 138, 139, 141, 142, 148, 149, 152, 153, 163, 164, 167, 168, 170, 173, 174, 175, 183, 198, 208, 209, 210, 223, 225, 236, 270, 271, 276, 277, 278, 284, 286, 287, 289, 292, 298, 304, 307, 317, 318, 325, 364, 367, 370, 375, 376, 377, 381, 385, 390, 414, 417, 418, 420, 432], "summary": {"covered_lines": 69, "num_statements": 118, "percent_covered": 58.47457627118644, "percent_covered_display": "58", "missing_lines": 49, "excluded_lines": 0, "percent_statements_covered": 58.47457627118644, "percent_statements_covered_display": "58"}, "missing_lines": [113, 114, 127, 128, 129, 135, 159, 160, 214, 217, 218, 237, 240, 242, 243, 244, 245, 254, 259, 260, 265, 268, 269, 326, 329, 330, 331, 332, 340, 341, 342, 343, 346, 347, 348, 349, 357, 359, 360, 361, 362, 371, 372, 382, 384, 386, 387, 429, 430], "excluded_lines": [], "start_line": 94}, "get_latest_brief": {"executed_lines": [437], "summary": {"covered_lines": 1, "num_statements": 1, "percent_covered": 100.0, "percent_covered_display": "100", "missing_lines": 0, "excluded_lines": 0, "percent_statements_covered": 100.0, "percent_statements_covered_display": "100"}, "missing_lines": [], "excluded_lines": [], "start_line": 435}, "": {"executed_lines": [6, 7, 8, 9, 10, 12, 13, 14, 15, 16, 17, 18, 19, 21, 23, 26, 29, 94, 435], "summary": {"covered_lines": 19, "num_statements": 19, "percent_covered": 100.0, "percent_covered_display": "100", "missing_lines": 0, "excluded_lines": 0, "percent_statements_covered": 100.0, "percent_statements_covered_display": "100"}, "missing_lines": [], "excluded_lines": [], "start_line": 1}}, "classes": {"": {"executed_lines": [6, 7, 8, 9, 10, 12, 13, 14, 15, 16, 17, 18, 19, 21, 23, 26, 29, 35, 36, 38, 45, 46, 49, 51, 52, 53, 58, 59, 60, 62, 66, 67, 69, 75, 76, 77, 78, 79, 80, 81, 82, 85, 86, 87, 88, 89, 91, 94, 105, 106, 108, 111, 112, 117, 118, 119, 124, 125, 126, 132, 133, 134, 137, 138, 139, 141, 142, 148, 149, 152, 153, 163, 164, 167, 168, 170, 173, 174, 175, 183, 198, 208, 209, 210, 223, 225, 236, 270, 271, 276, 277, 278, 284, 286, 287, 289, 292, 298, 304, 307, 317, 318, 325, 364, 367, 370, 375, 376, 377, 381, 385, 390, 414, 417, 418, 420, 432, 435, 437], "summary": {"covered_lines": 119, "num_statements": 174, "percent_covered": 68.39080459770115, "percent_covered_display": "68", "missing_lines": 55, "excluded_lines": 0, "percent_statements_covered": 68.39080459770115, "percent_statements_covered_display": "68"}, "missing_lines": [54, 55, 56, 70, 71, 72, 113, 114, 127, 128, 129, 135, 159, 160, 214, 217, 218, 237, 240, 242, 243, 244, 245, 254, 259, 260, 265, 268, 269, 326, 329, 330, 331, 332, 340, 341, 342, 343, 346, 347, 348, 349, 357, 359, 360, 361, 362, 371, 372, 382, 384, 386, 387, 429, 430], "excluded_lines": [], "start_line": 1}}}, "nerves\\workers\\trading\\capture_hooks.py": {"executed_lines": [9, 10, 12, 13, 14, 16, 19, 28, 33, 34, 35, 36, 38, 44, 45, 47, 48, 49, 50, 53, 56, 57, 61, 65, 69, 71, 78, 79, 80, 81, 83, 84, 88, 90, 91, 94, 102, 103, 107, 108, 119, 127, 134, 137, 144, 145, 149, 156, 162, 163, 164, 165, 166], "summary": {"covered_lines": 53, "num_statements": 61, "percent_covered": 86.88524590163935, "percent_covered_display": "87", "missing_lines": 8, "excluded_lines": 0, "percent_statements_covered": 86.88524590163935, "percent_statements_covered_display": "87"}, "missing_lines": [55, 113, 116, 117, 124, 150, 151, 152], "excluded_lines": [], "functions": {"HookDispatcher.__init__": {"executed_lines": [33, 34, 35, 36], "summary": {"covered_lines": 4, "num_statements": 4, "percent_covered": 100.0, "percent_covered_display": "100", "missing_lines": 0, "excluded_lines": 0, "percent_statements_covered": 100.0, "percent_statements_covered_display": "100"}, "missing_lines": [], "excluded_lines": [], "start_line": 28}, "HookDispatcher.register_hooks": {"executed_lines": [44, 45, 47, 48, 49, 50, 53, 56, 57, 61], "summary": {"covered_lines": 10, "num_statements": 11, "percent_covered": 90.9090909090909, "percent_covered_display": "91", "missing_lines": 1, "excluded_lines": 0, "percent_statements_covered": 90.9090909090909, "percent_statements_covered_display": "91"}, "missing_lines": [55], "excluded_lines": [], "start_line": 38}, "HookDispatcher._on_signal_handler": {"executed_lines": [69], "summary": {"covered_lines": 1, "num_statements": 1, "percent_covered": 100.0, "percent_covered_display": "100", "missing_lines": 0, "excluded_lines": 0, "percent_statements_covered": 100.0, "percent_statements_covered_display": "100"}, "missing_lines": [], "excluded_lines": [], "start_line": 65}, "HookDispatcher.on_signal": {"executed_lines": [78, 79, 80, 81, 83, 84, 88, 90, 91, 94, 102, 103, 107, 108], "summary": {"covered_lines": 14, "num_statements": 17, "percent_covered": 82.3529411764706, "percent_covered_display": "82", "missing_lines": 3, "excluded_lines": 0, "percent_statements_covered": 82.3529411764706, "percent_statements_covered_display": "82"}, "missing_lines": [113, 116, 117], "excluded_lines": [], "start_line": 71}, "HookDispatcher.on_schedule": {"executed_lines": [], "summary": {"covered_lines": 0, "num_statements": 1, "percent_covered": 0.0, "percent_covered_display": "0", "missing_lines": 1, "excluded_lines": 0, "percent_statements_covered": 0.0, "percent_statements_covered_display": "0"}, "missing_lines": [124], "excluded_lines": [], "start_line": 119}, "HookDispatcher.on_command": {"executed_lines": [134, 137, 144, 145, 149], "summary": {"covered_lines": 5, "num_statements": 8, "percent_covered": 62.5, "percent_covered_display": "62", "missing_lines": 3, "excluded_lines": 0, "percent_statements_covered": 62.5, "percent_statements_covered_display": "62"}, "missing_lines": [150, 151, 152], "excluded_lines": [], "start_line": 127}, "HookDispatcher.is_cooled_down": {"executed_lines": [162, 163, 164, 165, 166], "summary": {"covered_lines": 5, "num_statements": 5, "percent_covered": 100.0, "percent_covered_display": "100", "missing_lines": 0, "excluded_lines": 0, "percent_statements_covered": 100.0, "percent_statements_covered_display": "100"}, "missing_lines": [], "excluded_lines": [], "start_line": 156}, "": {"executed_lines": [9, 10, 12, 13, 14, 16, 19, 28, 38, 65, 71, 119, 127, 156], "summary": {"covered_lines": 14, "num_statements": 14, "percent_covered": 100.0, "percent_covered_display": "100", "missing_lines": 0, "excluded_lines": 0, "percent_statements_covered": 100.0, "percent_statements_covered_display": "100"}, "missing_lines": [], "excluded_lines": [], "start_line": 1}}, "classes": {"HookDispatcher": {"executed_lines": [33, 34, 35, 36, 44, 45, 47, 48, 49, 50, 53, 56, 57, 61, 69, 78, 79, 80, 81, 83, 84, 88, 90, 91, 94, 102, 103, 107, 108, 134, 137, 144, 145, 149, 162, 163, 164, 165, 166], "summary": {"covered_lines": 39, "num_statements": 47, "percent_covered": 82.97872340425532, "percent_covered_display": "83", "missing_lines": 8, "excluded_lines": 0, "percent_statements_covered": 82.97872340425532, "percent_statements_covered_display": "83"}, "missing_lines": [55, 113, 116, 117, 124, 150, 151, 152], "excluded_lines": [], "start_line": 19}, "": {"executed_lines": [9, 10, 12, 13, 14, 16, 19, 28, 38, 65, 71, 119, 127, 156], "summary": {"covered_lines": 14, "num_statements": 14, "percent_covered": 100.0, "percent_covered_display": "100", "missing_lines": 0, "excluded_lines": 0, "percent_statements_covered": 100.0, "percent_statements_covered_display": "100"}, "missing_lines": [], "excluded_lines": [], "start_line": 1}}}, "nerves\\workers\\trading\\claude_cli\\__init__.py": {"executed_lines": [21, 22, 23, 25], "summary": {"covered_lines": 4, "num_statements": 4, "percent_covered": 100.0, "percent_covered_display": "100", "missing_lines": 0, "excluded_lines": 0, "percent_statements_covered": 100.0, "percent_statements_covered_display": "100"}, "missing_lines": [], "excluded_lines": [], "functions": {"": {"executed_lines": [21, 22, 23, 25], "summary": {"covered_lines": 4, "num_statements": 4, "percent_covered": 100.0, "percent_covered_display": "100", "missing_lines": 0, "excluded_lines": 0, "percent_statements_covered": 100.0, "percent_statements_covered_display": "100"}, "missing_lines": [], "excluded_lines": [], "start_line": 1}}, "classes": {"": {"executed_lines": [21, 22, 23, 25], "summary": {"covered_lines": 4, "num_statements": 4, "percent_covered": 100.0, "percent_covered_display": "100", "missing_lines": 0, "excluded_lines": 0, "percent_statements_covered": 100.0, "percent_statements_covered_display": "100"}, "missing_lines": [], "excluded_lines": [], "start_line": 1}}}, "nerves\\workers\\trading\\claude_cli\\event_handler.py": {"executed_lines": [19, 21, 22, 24, 25, 26, 28, 33, 36, 37, 40, 49, 60, 61, 62, 63, 65, 69, 74, 93, 94, 95, 96, 100, 107, 109, 110, 111, 121, 133, 134, 135, 141, 158, 159, 160, 162], "summary": {"covered_lines": 37, "num_statements": 42, "percent_covered": 88.0952380952381, "percent_covered_display": "88", "missing_lines": 5, "excluded_lines": 2, "percent_statements_covered": 88.0952380952381, "percent_statements_covered_display": "88"}, "missing_lines": [43, 66, 67, 115, 116], "excluded_lines": [30, 31], "functions": {"set_bus": {"executed_lines": [], "summary": {"covered_lines": 0, "num_statements": 1, "percent_covered": 0.0, "percent_covered_display": "0", "missing_lines": 1, "excluded_lines": 0, "percent_statements_covered": 0.0, "percent_statements_covered_display": "0"}, "missing_lines": [43], "excluded_lines": [], "start_line": 40}, "handle_signal_validated": {"executed_lines": [60, 61, 62, 63, 65, 69, 74, 93, 94, 95, 96, 100, 107, 109, 110, 111], "summary": {"covered_lines": 16, "num_statements": 20, "percent_covered": 80.0, "percent_covered_display": "80", "missing_lines": 4, "excluded_lines": 0, "percent_statements_covered": 80.0, "percent_statements_covered_display": "80"}, "missing_lines": [66, 67, 115, 116], "excluded_lines": [], "start_line": 49}, "register_handler": {"executed_lines": [133, 134, 135], "summary": {"covered_lines": 3, "num_statements": 3, "percent_covered": 100.0, "percent_covered_display": "100", "missing_lines": 0, "excluded_lines": 0, "percent_statements_covered": 100.0, "percent_statements_covered_display": "100"}, "missing_lines": [], "excluded_lines": [], "start_line": 121}, "_map_to_analysis_complete": {"executed_lines": [158, 159, 160, 162], "summary": {"covered_lines": 4, "num_statements": 4, "percent_covered": 100.0, "percent_covered_display": "100", "missing_lines": 0, "excluded_lines": 0, "percent_statements_covered": 100.0, "percent_statements_covered_display": "100"}, "missing_lines": [], "excluded_lines": [], "start_line": 141}, "": {"executed_lines": [19, 21, 22, 24, 25, 26, 28, 33, 36, 37, 40, 49, 121, 141], "summary": {"covered_lines": 14, "num_statements": 14, "percent_covered": 100.0, "percent_covered_display": "100", "missing_lines": 0, "excluded_lines": 2, "percent_statements_covered": 100.0, "percent_statements_covered_display": "100"}, "missing_lines": [], "excluded_lines": [30, 31], "start_line": 1}}, "classes": {"": {"executed_lines": [19, 21, 22, 24, 25, 26, 28, 33, 36, 37, 40, 49, 60, 61, 62, 63, 65, 69, 74, 93, 94, 95, 96, 100, 107, 109, 110, 111, 121, 133, 134, 135, 141, 158, 159, 160, 162], "summary": {"covered_lines": 37, "num_statements": 42, "percent_covered": 88.0952380952381, "percent_covered_display": "88", "missing_lines": 5, "excluded_lines": 2, "percent_statements_covered": 88.0952380952381, "percent_statements_covered_display": "88"}, "missing_lines": [43, 66, 67, 115, 116], "excluded_lines": [30, 31], "start_line": 1}}}, "nerves\\workers\\trading\\claude_cli\\infrastructure.py": {"executed_lines": [17, 18, 19, 20, 22, 24, 30, 31, 34, 35, 36, 37, 38, 39, 40, 42, 43, 44, 53, 54, 55, 64, 65, 78, 89, 96, 97, 98, 101, 102, 103, 104, 105, 109, 116, 117, 123, 124, 125, 126, 129, 136, 137, 138, 145, 147, 148, 150, 152, 174, 175, 176, 178, 181, 183, 184, 185, 186, 202, 203, 207, 208, 209, 210, 211, 212, 214, 215, 216, 217, 219, 220, 221, 229, 230, 231, 241, 246, 247, 248, 249, 251, 253, 255, 257, 258, 262, 264, 265, 267, 278, 280], "summary": {"covered_lines": 92, "num_statements": 117, "percent_covered": 78.63247863247864, "percent_covered_display": "79", "missing_lines": 25, "excluded_lines": 0, "percent_statements_covered": 78.63247863247864, "percent_statements_covered_display": "79"}, "missing_lines": [66, 131, 132, 135, 139, 140, 141, 142, 143, 144, 192, 193, 194, 195, 196, 197, 198, 199, 200, 266, 268, 270, 271, 282, 283], "excluded_lines": [], "functions": {"CliResult.rate_limit_exceeded": {"executed_lines": [44], "summary": {"covered_lines": 1, "num_statements": 1, "percent_covered": 10
[...]
overed_display": "100", "missing_lines": 0, "excluded_lines": 0, "percent_statements_covered": 100.0, "percent_statements_covered_display": "100"}, "missing_lines": [], "excluded_lines": [], "start_line": 386}, "VpsAnalyzerWorker.close": {"executed_lines": [397, 398], "summary": {"covered_lines": 2, "num_statements": 2, "percent_covered": 100.0, "percent_covered_display": "100", "missing_lines": 0, "excluded_lines": 0, "percent_statements_covered": 100.0, "percent_statements_covered_display": "100"}, "missing_lines": [], "excluded_lines": [], "start_line": 395}, "VpsAnalyzerWorker._long_poll": {"executed_lines": [412, 413, 419, 421, 424, 429, 430, 431, 434, 435, 436, 439, 440, 441, 442, 443, 444, 449, 450, 451, 454, 455, 456, 457, 458, 459], "summary": {"covered_lines": 26, "num_statements": 29, "percent_covered": 89.65517241379311, "percent_covered_display": "90", "missing_lines": 3, "excluded_lines": 0, "percent_statements_covered": 89.65517241379311, "percent_statements_covered_display": "90"}, "missing_lines": [420, 452, 453], "excluded_lines": [], "start_line": 402}, "VpsAnalyzerWorker.run": {"executed_lines": [469, 472, 474, 481, 482, 483, 484, 489, 490, 493, 494, 496, 501, 502, 504, 505, 510, 512, 518, 519, 520, 523, 525, 526, 528, 537, 538, 539, 541, 542, 543, 551, 552, 556, 557, 559, 564, 565, 566, 567, 568, 569, 571, 572, 574, 575, 577, 617, 620, 625, 626, 636, 637, 638, 639, 640, 641, 643, 644, 647, 648, 650, 651, 652, 657, 658, 659, 660, 661, 662, 663, 664, 668, 671, 672, 673, 676, 677, 678, 680, 681], "summary": {"covered_lines": 81, "num_statements": 95, "percent_covered": 85.26315789473684, "percent_covered_display": "85", "missing_lines": 14, "excluded_lines": 0, "percent_statements_covered": 85.26315789473684, "percent_statements_covered_display": "85"}, "missing_lines": [488, 497, 498, 506, 507, 544, 545, 627, 632, 653, 654, 665, 666, 667], "excluded_lines": [], "start_line": 463}, "VpsAnalyzerWorker.run.handle_signal": {"executed_lines": [], "summary": {"covered_lines": 0, "num_statements": 7, "percent_covered": 0.0, "percent_covered_display": "0", "missing_lines": 7, "excluded_lines": 0, "percent_statements_covered": 0.0, "percent_statements_covered_display": "0"}, "missing_lines": [529, 530, 531, 532, 533, 534, 535], "excluded_lines": [], "start_line": 528}, "VpsAnalyzerWorker.run.process_analyzed": {"executed_lines": [578, 579, 582, 584, 586, 587, 595, 598, 599, 601, 604, 606, 607, 608], "summary": {"covered_lines": 14, "num_statements": 20, "percent_covered": 70.0, "percent_covered_display": "70", "missing_lines": 6, "excluded_lines": 0, "percent_statements_covered": 70.0, "percent_statements_covered_display": "70"}, "missing_lines": [588, 593, 610, 611, 612, 615], "excluded_lines": [], "start_line": 577}, "VpsAnalyzerWorker._analyze_signal": {"executed_lines": [693, 694, 695, 696], "summary": {"covered_lines": 4, "num_statements": 4, "percent_covered": 100.0, "percent_covered_display": "100", "missing_lines": 0, "excluded_lines": 0, "percent_statements_covered": 100.0, "percent_statements_covered_display": "100"}, "missing_lines": [], "excluded_lines": [], "start_line": 685}, "VpsAnalyzerWorker._analyze_signal_v2": {"executed_lines": [709, 710, 711, 712, 713, 715, 718, 719, 723, 724, 730, 731, 732, 735, 737, 738, 739, 740, 743, 746, 747, 748, 749, 751, 752, 753, 754, 757, 760, 766, 767, 770, 771, 774, 789, 800, 808, 809, 826, 828, 831, 841, 842, 843, 845, 855, 856, 857, 876, 877, 880, 881, 883, 884, 885, 886, 907, 908, 910, 911, 929, 948, 949, 958, 962, 963, 964, 965, 966, 969, 978, 980, 989, 992, 996, 1017, 1018, 1022, 1023, 1045, 1046, 1047, 1068, 1084, 1090], "summary": {"covered_lines": 85, "num_statements": 115, "percent_covered": 73.91304347826087, "percent_covered_display": "74", "missing_lines": 30, "excluded_lines": 0, "percent_statements_covered": 73.91304347826087, "percent_statements_covered_display": "74"}, "missing_lines": [720, 721, 775, 776, 779, 780, 781, 782, 783, 784, 785, 810, 832, 833, 836, 839, 861, 862, 865, 868, 869, 870, 871, 874, 930, 959, 960, 997, 1024, 1048], "excluded_lines": [], "start_line": 698}, "VpsAnalyzerWorker._analyze_signal_v2.has_keyword": {"executed_lines": [981, 982, 983, 984, 985, 987], "summary": {"covered_lines": 6, "num_statements": 6, "percent_covered": 100.0, "percent_covered_display": "100", "missing_lines": 0, "excluded_lines": 0, "percent_statements_covered": 100.0, "percent_statements_covered_display": "100"}, "missing_lines": [], "excluded_lines": [], "start_line": 980}, "VpsAnalyzerWorker._render_chart_for_signal": {"executed_lines": [1103, 1104, 1106, 1107, 1109, 1110, 1111, 1113, 1114, 1117, 1118, 1119, 1120, 1121, 1122, 1129, 1130, 1131, 1132, 1133, 1134, 1140, 1141, 1142, 1143, 1144, 1145, 1152, 1153, 1155, 1156, 1158, 1159, 1162, 1163, 1166, 1167, 1170, 1171, 1172, 1179, 1183, 1185, 1186, 1194, 1195, 1198], "summary": {"covered_lines": 47, "num_statements": 66, "percent_covered": 71.21212121212122, "percent_covered_display": "71", "missing_lines": 19, "excluded_lines": 0, "percent_statements_covered": 71.21212121212122, "percent_statements_covered_display": "71"}, "missing_lines": [1125, 1126, 1137, 1138, 1148, 1149, 1160, 1164, 1168, 1173, 1174, 1175, 1176, 1177, 1180, 1200, 1203, 1204, 1206], "excluded_lines": [], "start_line": 1098}, "VpsAnalyzerWorker._notify_analysis_telegram": {"executed_lines": [1213, 1214, 1218, 1219, 1220, 1221, 1222, 1224, 1225, 1226, 1227, 1228, 1231, 1232, 1233, 1235, 1236, 1237, 1238, 1241, 1242, 1243, 1244, 1247, 1250, 1253, 1254, 1255, 1256, 1257, 1259, 1261, 1263, 1265, 1266, 1269, 1281, 1282, 1283, 1284, 1285, 1286, 1298, 1299, 1307, 1308, 1309, 1311, 1318, 1320, 1322, 1323, 1324, 1325, 1326, 1330, 1331], "summary": {"covered_lines": 57, "num_statements": 67, "percent_covered": 85.07462686567165, "percent_covered_display": "85", "missing_lines": 10, "excluded_lines": 0, "percent_statements_covered": 85.07462686567165, "percent_statements_covered_display": "85"}, "missing_lines": [1215, 1216, 1245, 1258, 1260, 1262, 1264, 1310, 1334, 1335], "excluded_lines": [], "start_line": 1208}, "VpsAnalyzerWorker._algorithmic_analysis": {"executed_lines": [1347, 1348, 1349, 1351, 1352, 1353, 1356, 1357, 1358, 1359, 1360, 1361, 1364, 1367, 1368, 1369, 1370, 1371, 1373, 1377, 1378, 1379, 1380, 1381, 1385, 1388, 1389, 1390, 1391, 1392, 1393, 1398, 1399, 1400, 1402, 1404, 1409, 1416], "summary": {"covered_lines": 38, "num_statements": 44, "percent_covered": 86.36363636363636, "percent_covered_display": "86", "missing_lines": 6, "excluded_lines": 0, "percent_statements_covered": 86.36363636363636, "percent_statements_covered_display": "86"}, "missing_lines": [1362, 1372, 1374, 1382, 1383, 1395], "excluded_lines": [], "start_line": 1341}, "VpsAnalyzerWorker._detect_strategy_group": {"executed_lines": [1425, 1426, 1427, 1429, 1430, 1434, 1437, 1440, 1445, 1446, 1449, 1452, 1453, 1454, 1457, 1458, 1459, 1463], "summary": {"covered_lines": 18, "num_statements": 21, "percent_covered": 85.71428571428571, "percent_covered_display": "86", "missing_lines": 3, "excluded_lines": 0, "percent_statements_covered": 85.71428571428571, "percent_statements_covered_display": "86"}, "missing_lines": [1431, 1432, 1460], "excluded_lines": [], "start_line": 1420}, "VpsAnalyzerWorker._route_algorithmic_analysis": {"executed_lines": [1475, 1477, 1478, 1479, 1480, 1481, 1482, 1485], "summary": {"covered_lines": 8, "num_statements": 8, "percent_covered": 100.0, "percent_covered_display": "100", "missing_lines": 0, "excluded_lines": 0, "percent_statements_covered": 100.0, "percent_statements_covered_display": "100"}, "missing_lines": [], "excluded_lines": [], "start_line": 1465}, "VpsAnalyzerWorker._algo_a007": {"executed_lines": [1497, 1498, 1506, 1507, 1508, 1509, 1511, 1512, 1513, 1516, 1517, 1518, 1520, 1523, 1524, 1525, 1527, 1530, 1531, 1532, 1537, 1538, 1539, 1541, 1542, 1544, 1545, 1550, 1557], "summary": {"covered_lines": 29, "num_statements": 35, "percent_covered": 82.85714285714286, "percent_covered_display": "83", "missing_lines": 6, "excluded_lines": 0, "percent_statements_covered": 82.85714285714286, "percent_statements_covered_display": "83"}, "missing_lines": [1499, 1501, 1502, 1503, 1504, 1534], "excluded_lines": [], "start_line": 1487}, "VpsAnalyzerWorker._algo_supertrend": {"executed_lines": [1569, 1570, 1578, 1579, 1580, 1581, 1589, 1590, 1591, 1594, 1595, 1596, 1601, 1602, 1603, 1608, 1609, 1610, 1611, 1612, 1613, 1614, 1620, 1621, 1624, 1625, 1626, 1627, 1628, 1629, 1630, 1636, 1637, 1639, 1640, 1645, 1652], "summary": {"covered_lines": 37, "num_statements": 55, "percent_covered": 67.27272727272727, "percent_covered_display": "67", "missing_lines": 18, "excluded_lines": 0, "percent_statements_covered": 67.27272727272727, "percent_statements_covered_display": "67"}, "missing_lines": [1571, 1573, 1574, 1575, 1576, 1582, 1584, 1585, 1586, 1587, 1598, 1605, 1616, 1617, 1618, 1632, 1633, 1634], "excluded_lines": [], "start_line": 1559}, "VpsAnalyzerWorker._algo_indicator_passthrough": {"executed_lines": [1665, 1666, 1667, 1669, 1670, 1674, 1677, 1678, 1679, 1684, 1686, 1687, 1689, 1697], "summary": {"covered_lines": 14, "num_statements": 18, "percent_covered": 77.77777777777777, "percent_covered_display": "78", "missing_lines": 4, "excluded_lines": 0, "percent_statements_covered": 77.77777777777777, "percent_statements_covered_display": "78"}, "missing_lines": [1671, 1672, 1680, 1681], "excluded_lines": [], "start_line": 1654}, "VpsAnalyzerWorker._calculate_position_size": {"executed_lines": [1705, 1707, 1708, 1710, 1711, 1712, 1713, 1714, 1715, 1716, 1718, 1719, 1720, 1721, 1723, 1724, 1725, 1726, 1727, 1731, 1732, 1734, 1735, 1737, 1739, 1740, 1743, 1744, 1745, 1746], "summary": {"covered_lines": 30, "num_statements": 33, "percent_covered": 90.9090909090909, "percent_covered_display": "91", "missing_lines": 3, "excluded_lines": 0, "percent_statements_covered": 90.9090909090909, "percent_statements_covered_display": "91"}, "missing_lines": [1706, 1729, 1730], "excluded_lines": [], "start_line": 1701}, "VpsAnalyzerWorker._calculate_sl_tp": {"executed_lines": [1752, 1753, 1754, 1755, 1756, 1757, 1758, 1760, 1761, 1762, 1763, 1765, 1766, 1767, 1768, 1770, 1771, 1773, 1774, 1776, 1781, 1782, 1783, 1784, 1785, 1787, 1788, 1789], "summary": {"covered_lines": 28, "num_statements": 28, "percent_covered": 100.0, "percent_covered_display": "100", "missing_lines": 0, "excluded_lines": 0, "percent_statements_covered": 100.0, "percent_statements_covered_display": "100"}, "missing_lines": [], "excluded_lines": [], "start_line": 1748}, "VpsAnalyzerWorker._extract_confidence": {"executed_lines": [1793, 1794, 1795, 1796, 1798, 1800], "summary": {"covered_lines": 6, "num_statements": 8, "percent_covered": 75.0, "percent_covered_display": "75", "missing_lines": 2, "excluded_lines": 0, "percent_statements_covered": 75.0, "percent_statements_covered_display": "75"}, "missing_lines": [1797, 1799], "excluded_lines": [], "start_line": 1791}, "VpsAnalyzerWorker.forward_to_server_b": {"executed_lines": [1816, 1817, 1818, 1822, 1823, 1824, 1825, 1826, 1832, 1833, 1834, 1838, 1844, 1848, 1849, 1852, 1853, 1855, 1866, 1867, 1871, 1872, 1873, 1874, 1875, 1878, 1879, 1880, 1884, 1891, 1894, 1899, 1900, 1901, 1902, 1903, 1904], "summary": {"covered_lines": 37, "num_statements": 40, "percent_covered": 92.5, "percent_covered_display": "92", "missing_lines": 3, "excluded_lines": 0, "percent_statements_covered": 92.5, "percent_statements_covered_display": "92"}, "missing_lines": [1860, 1861, 1863], "excluded_lines": [], "start_line": 1804}, "VpsAnalyzerWorker._ack_signal": {"executed_lines": [1921, 1922, 1926, 1929, 1930, 1931, 1934, 1935, 1936, 1937, 1938, 1941, 1942, 1943, 1944], "summary": {"covered_lines": 15, "num_statements": 15, "percent_covered": 100.0, "percent_covered_display": "100", "missing_lines": 0, "excluded_lines": 0, "percent_statements_covered": 100.0, "percent_statements_covered_display": "100"}, "missing_lines": [], "excluded_lines": [], "start_line": 1908}, "VpsAnalyzerWorker.poll_and_analyze": {"executed_lines": [1963, 1964, 1965, 1967, 2089, 2090], "summary": {"covered_lines": 6, "num_statements": 6, "percent_covered": 100.0, "percent_covered_display": "100", "missing_lines": 0, "excluded_lines": 0, "percent_statements_covered": 100.0, "percent_statements_covered_display": "100"}, "missing_lines": [], "excluded_lines": [], "start_line": 1948}, "VpsAnalyzerWorker.poll_and_analyze.analyze_single": {"executed_lines": [1968, 1969, 1971, 1976, 1978, 1979, 1981, 1986, 1995, 1996, 2004, 2006, 2007, 2008, 2010, 2011, 2012, 2014, 2030, 2062, 2069, 2070, 2073], "summary": {"covered_lines": 23, "num_statements": 31, "percent_covered": 74.19354838709677, "percent_covered_display": "74", "missing_lines": 8, "excluded_lines": 0, "percent_statements_covered": 74.19354838709677, "percent_statements_covered_display": "74"}, "missing_lines": [1997, 1998, 2000, 2001, 2002, 2032, 2033, 2041], "excluded_lines": [], "start_line": 1967}, "": {"executed_lines": [23, 24, 25, 26, 27, 28, 29, 30, 32, 34, 36, 38, 39, 40, 44, 45, 47, 50, 51, 57, 58, 134, 135, 207, 208, 233, 234, 241, 242, 350, 358, 372, 373, 374, 375, 377, 386, 395, 402, 463, 685, 698, 1098, 1208, 1341, 1420, 1465, 1487, 1559, 1654, 1701, 1748, 1791, 1804, 1908, 1948, 2093], "summary": {"covered_lines": 57, "num_statements": 61, "percent_covered": 93.44262295081967, "percent_covered_display": "93", "missing_lines": 4, "excluded_lines": 0, "percent_statements_covered": 93.44262295081967, "percent_statements_covered_display": "93"}, "missing_lines": [2094, 2097, 2099, 2100], "excluded_lines": [], "start_line": 1}}, "classes": {"VpsAnalyzerWorker": {"executed_lines": [378, 379, 381, 382, 388, 389, 390, 391, 392, 393, 397, 398, 412, 413, 419, 421, 424, 429, 430, 431, 434, 435, 436, 439, 440, 441, 442, 443, 444, 449, 450, 451, 454, 455, 456, 457, 458, 459, 469, 472, 474, 481, 482, 483, 484, 489, 490, 493, 494, 496, 501, 502, 504, 505, 510, 512, 518, 519, 520, 523, 525, 526, 528, 537, 538, 539, 541, 542, 543, 551, 552, 556, 557, 559, 564, 565, 566, 567, 568, 569, 571, 572, 574, 575, 577, 578, 579, 582, 584, 586, 587, 595, 598, 599, 601, 604, 606, 607, 608, 617, 620, 625, 626, 636, 637, 638, 639, 640, 641, 643, 644, 647, 648, 650, 651, 652, 657, 658, 659, 660, 661, 662, 663, 664, 668, 671, 672, 673, 676, 677, 678, 680, 681, 693, 694, 695, 696, 709, 710, 711, 712, 713, 715, 718, 719, 723, 724, 730, 731, 732, 735, 737, 738, 739, 740, 743, 746, 747, 748, 749, 751, 752, 753, 754, 757, 760, 766, 767, 770, 771, 774, 789, 800, 808, 809, 826, 828, 831, 841, 842, 843, 845, 855, 856, 857, 876, 877, 880, 881, 883, 884, 885, 886, 907, 908, 910, 911, 929, 948, 949, 958, 962, 963, 964, 965, 966, 969, 978, 980, 981, 982, 983, 984, 985, 987, 989, 992, 996, 1017, 1018, 1022, 1023, 1045, 1046, 1047, 1068, 1084, 1090, 1103, 1104, 1106, 1107, 1109, 1110, 1111, 1113, 1114, 1117, 1118, 1119, 1120, 1121, 1122, 1129, 1130, 1131, 1132, 1133, 1134, 1140, 1141, 1142, 1143, 1144, 1145, 1152, 1153, 1155, 1156, 1158, 1159, 1162, 1163, 1166, 1167, 1170, 1171, 1172, 1179, 1183, 1185, 1186, 1194, 1195, 1198, 1213, 1214, 1218, 1219, 1220, 1221, 1222, 1224, 1225, 1226, 1227, 1228, 1231, 1232, 1233, 1235, 1236, 1237, 1238, 1241, 1242, 1243, 1244, 1247, 1250, 1253, 1254, 1255, 1256, 1257, 1259, 1261, 1263, 1265, 1266, 1269, 1281, 1282, 1283, 1284, 1285, 1286, 1298, 1299, 1307, 1308, 1309, 1311, 1318, 1320, 1322, 1323, 1324, 1325, 1326, 1330, 1331, 1347, 1348, 1349, 1351, 1352, 1353, 1356, 1357, 1358, 1359, 1360, 1361, 1364, 1367, 1368, 1369, 1370, 1371, 1373, 1377, 1378, 1379, 1380, 1381, 1385, 1388, 1389, 1390, 1391, 1392, 1393, 1398, 1399, 1400, 1402, 1404, 1409, 1416, 1425, 1426, 1427, 1429, 1430, 1434, 1437, 1440, 1445, 1446, 1449, 1452, 1453, 1454, 1457, 1458, 1459, 1463, 1475, 1477, 1478, 1479, 1480, 1481, 1482, 1485, 1497, 1498, 1506, 1507, 1508, 1509, 1511, 1512, 1513, 1516, 1517, 1518, 1520, 1523, 1524, 1525, 1527, 1530, 1531, 1532, 1537, 1538, 1539, 1541, 1542, 1544, 1545, 1550, 1557, 1569, 1570, 1578, 1579, 1580, 1581, 1589, 1590, 1591, 1594, 1595, 1596, 1601, 1602, 1603, 1608, 1609, 1610, 1611, 1612, 1613, 1614, 1620, 1621, 1624, 1625, 1626, 1627, 1628, 1629, 1630, 1636, 1637, 1639, 1640, 1645, 1652, 1665, 1666, 1667, 1669, 1670, 1674, 1677, 1678, 1679, 1684, 1686, 1687, 1689, 1697, 1705, 1707, 1708, 1710, 1711, 1712, 1713, 1714, 1715, 1716, 1718, 1719, 1720, 1721, 1723, 1724, 1725, 1726, 1727, 1731, 1732, 1734, 1735, 1737, 1739, 1740, 1743, 1744, 1745, 1746, 1752, 1753, 1754, 1755, 1756, 1757, 1758, 1760, 1761, 1762, 1763, 1765, 1766, 1767, 1768, 1770, 1771, 1773, 1774, 1776, 1781, 1782, 1783, 1784, 1785, 1787, 1788, 1789, 1793, 1794, 1795, 1796, 1798, 1800, 1816, 1817, 1818, 1822, 1823, 1824, 1825, 1826, 1832, 1833, 1834, 1838, 1844, 1848, 1849, 1852, 1853, 1855, 1866, 1867, 1871, 1872, 1873, 1874, 1875, 1878, 1879, 1880, 1884, 1891, 1894, 1899, 1900, 1901, 1902, 1903, 1904, 1921, 1922, 1926, 1929, 1930, 1931, 1934, 1935, 1936, 1937, 1938, 1941, 1942, 1943, 1944, 1963, 1964, 1965, 1967, 1968, 1969, 1971, 1976, 1978, 1979, 1981, 1986, 1995, 1996, 2004, 2006, 2007, 2008, 2010, 2011, 2012, 2014, 2030, 2062, 2069, 2070, 2073, 2089, 2090], "summary": {"covered_lines": 621, "num_statements": 763, "percent_covered": 81.38925294888598, "percent_covered_display": "81", "missing_lines": 142, "excluded_lines": 0, "percent_statements_covered": 81.38925294888598, "percent_statements_covered_display": "81"}, "missing_lines": [420, 452, 453, 488, 497, 498, 506, 507, 529, 530, 531, 532, 533, 534, 535, 544, 545, 588, 593, 610, 611, 612, 615, 627, 632, 653, 654, 665, 666, 667, 720, 721, 775, 776, 779, 780, 781, 782, 783, 784, 785, 810, 832, 833, 836, 839, 861, 862, 865, 868, 869, 870, 871, 874, 930, 959, 960, 997, 1024, 1048, 1125, 1126, 1137, 1138, 1148, 1149, 1160, 1164, 1168, 1173, 1174, 1175, 1176, 1177, 1180, 1200, 1203, 1204, 1206, 1215, 1216, 1245, 1258, 1260, 1262, 1264, 1310, 1334, 1335, 1362, 1372, 1374, 1382, 1383, 1395, 1431, 1432, 1460, 1499, 1501, 1502, 1503, 1504, 1534, 1571, 1573, 1574, 1575, 1576, 1582, 1584, 1585, 1586, 1587, 1598, 1605, 1616, 1617, 1618, 1632, 1633, 1634, 1671, 1672, 1680, 1681, 1706, 1729, 1730, 1797, 1799, 1860, 1861, 1863, 1997, 1998, 2000, 2001, 2002, 2032, 2033, 2041], "excluded_lines": [], "start_line": 358}, "": {"executed_lines": [23, 24, 25, 26, 27, 28, 29, 30, 32, 34, 36, 38, 39, 40, 44, 45, 47, 50, 51, 57, 58, 60, 61, 62, 63, 64, 65, 66, 67, 68, 73, 74, 75, 77, 78, 83, 84, 85, 86, 88, 89, 94, 95, 100, 101, 102, 107, 108, 109, 110, 112, 113, 114, 117, 118, 119, 121, 134, 135, 207, 208, 233, 234, 241, 242, 243, 246, 247, 248, 249, 250, 251, 252, 253, 254, 259, 260, 261, 263, 264, 269, 270, 271, 273, 278, 279, 284, 285, 286, 287, 288, 296, 297, 298, 299, 300, 301, 302, 306, 317, 318, 321, 347, 350, 358, 372, 373, 374, 375, 377, 386, 395, 402, 463, 685, 698, 1098, 1208, 1341, 1420, 1465, 1487, 1559, 1654, 1701, 1748, 1791, 1804, 1908, 1948, 2093], "summary": {"covered_lines": 131, "num_statements": 208, "percent_covered": 62.98076923076923, "percent_covered_display": "63", "missing_lines": 77, "excluded_lines": 0, "percent_statements_covered": 62.98076923076923, "percent_statements_covered_display": "63"}, "missing_lines": [52, 54, 69, 70, 79, 80, 96, 97, 103, 104, 116, 149, 151, 158, 160, 161, 162, 163, 165, 166, 167, 168, 171, 172, 174, 175, 178, 181, 182, 183, 184, 185, 186, 187, 189, 190, 191, 193, 194, 196, 197, 198, 199, 201, 210, 212, 213, 214, 215, 216, 217, 218, 219, 221, 226, 227, 229, 230, 236, 238, 255, 256, 265, 266, 280, 281, 289, 290, 292, 293, 294, 303, 304, 2094, 2097, 2099, 2100], "excluded_lines": [], "start_line": 1}}}}, "totals": {"covered_lines": 5766, "num_statements": 7149, "percent_covered": 80.65463701216953, "percent_covered_display": "81", "missing_lines": 1383, "excluded_lines": 6, "percent_statements_covered": 80.65463701216953, "percent_statements_covered_display": "81"}}
